[    3632ms] [LOG] [Client Instrumentation Hook] Slow execution detected: 36ms (Note: Code download overhead is not included in this measurement) @ http://localhost:3000/_next/static/chunks/node_modules_%40sentry_core_build_esm_1rfjznp._.js:8898
[    3645ms] [INFO] %cDownload the React DevTools for a better development experience: https://react.dev/link/react-devtools font-weight:bold @ http://localhost:3000/_next/static/chunks/node_modules_%40sentry_core_build_esm_1rfjznp._.js:8898
[    3712ms] [ERROR] Failed to load resource: the server responded with a status of 403 () @ https://v1.api.service.cmp.usercentrics.eu/latest/ruleSetData?id=9suQr3rGddL3Tb:0
[    3714ms] [ERROR] CMP initialization failed: Error: No ruleset data
    at u.<anonymous> (https://web.cmp.usercentrics.eu/ui/v/3.121.2/WebSdk.lib.44b003b5.js:923:74)
    at Object.<anonymous> (https://web.cmp.usercentrics.eu/ui/loader.js:169:19)
    at r (https://web.cmp.usercentrics.eu/ui/loader.js:70:21)
    at c (https://web.cmp.usercentrics.eu/ui/loader.js:85:13) @ http://localhost:3000/_next/static/chunks/node_modules_%40sentry_core_build_esm_1rfjznp._.js:8898
[    3858ms] [LOG] [HMR] connected @ http://localhost:3000/_next/static/chunks/node_modules_%40sentry_core_build_esm_1rfjznp._.js:8898
[    4210ms] [LOG] [Fast Refresh] rebuilding @ http://localhost:3000/_next/static/chunks/node_modules_%40sentry_core_build_esm_1rfjznp._.js:8898
[    5427ms] [LOG] [Fast Refresh] done in 1332ms @ http://localhost:3000/_next/static/chunks/node_modules_%40sentry_core_build_esm_1rfjznp._.js:8898
[   31135ms] [ERROR] Failed to load resource: the server responded with a status of 403 () @ https://v1.api.service.cmp.usercentrics.eu/latest/ruleSetData?id=9suQr3rGddL3Tb:0
[   31135ms] [ERROR] CMP initialization failed: Error: No ruleset data
    at u.<anonymous> (https://web.cmp.usercentrics.eu/ui/v/3.121.2/WebSdk.lib.44b003b5.js:923:74)
    at Object.<anonymous> (https://web.cmp.usercentrics.eu/ui/loader.js:169:19)
    at r (https://web.cmp.usercentrics.eu/ui/loader.js:70:21)
    at c (https://web.cmp.usercentrics.eu/ui/loader.js:85:13) @ https://web.cmp.usercentrics.eu/ui/loader.js:2693
[   31257ms] [INFO] %cDownload the React DevTools for a better development experience: https://react.dev/link/react-devtools font-weight:bold @ http://localhost:3000/_next/static/chunks/node_modules_%40sentry_core_build_esm_1rfjznp._.js:8898
[   31314ms] [LOG] [HMR] connected @ http://localhost:3000/_next/static/chunks/node_modules_%40sentry_core_build_esm_1rfjznp._.js:8898
[26630792ms] [LOG] [HMR] connected @ http://localhost:3000/_next/static/chunks/node_modules_%40sentry_core_build_esm_1rfjznp._.js:8898
[29831701ms] [LOG] [HMR] connected @ http://localhost:3000/_next/static/chunks/node_modules_%40sentry_core_build_esm_1rfjznp._.js:8898
[31475371ms] [LOG] [Fast Refresh] rebuilding @ http://localhost:3000/_next/static/chunks/node_modules_%40sentry_core_build_esm_1rfjznp._.js:8898
[31476079ms] [LOG] [Fast Refresh] done in 730ms @ http://localhost:3000/_next/static/chunks/node_modules_%40sentry_core_build_esm_1rfjznp._.js:8898
[31476395ms] [LOG] [Fast Refresh] rebuilding @ http://localhost:3000/_next/static/chunks/node_modules_%40sentry_core_build_esm_1rfjznp._.js:8898
[31476403ms] [LOG] [Fast Refresh] done in 109ms @ http://localhost:3000/_next/static/chunks/node_modules_%40sentry_core_build_esm_1rfjznp._.js:8898
[31753034ms] [LOG] [Fast Refresh] rebuilding @ http://localhost:3000/_next/static/chunks/node_modules_%40sentry_core_build_esm_1rfjznp._.js:8898
[31754737ms] [LOG] [Fast Refresh] done in 1419ms @ http://localhost:3000/_next/static/chunks/node_modules_%40sentry_core_build_esm_1rfjznp._.js:8898
[31754892ms] [LOG] [Fast Refresh] rebuilding @ http://localhost:3000/_next/static/chunks/node_modules_%40sentry_core_build_esm_1rfjznp._.js:8898
[31755444ms] [LOG] [Fast Refresh] done in 654ms @ http://localhost:3000/_next/static/chunks/node_modules_%40sentry_core_build_esm_1rfjznp._.js:8898
[34017089ms] [LOG] [Fast Refresh] rebuilding @ http://localhost:3000/_next/static/chunks/node_modules_%40sentry_core_build_esm_1rfjznp._.js:8898
[34017703ms] [LOG] [Fast Refresh] done in 729ms @ http://localhost:3000/_next/static/chunks/node_modules_%40sentry_core_build_esm_1rfjznp._.js:8898
[34047308ms] [LOG] [Fast Refresh] rebuilding @ http://localhost:3000/_next/static/chunks/node_modules_%40sentry_core_build_esm_1rfjznp._.js:8898
[34047758ms] [LOG] [Fast Refresh] done in 300ms @ http://localhost:3000/_next/static/chunks/node_modules_%40sentry_core_build_esm_1rfjznp._.js:8898
[34118521ms] [LOG] [Fast Refresh] rebuilding @ http://localhost:3000/_next/static/chunks/node_modules_%40sentry_core_build_esm_1rfjznp._.js:8898
[34119252ms] [LOG] [Fast Refresh] done in 522ms @ http://localhost:3000/_next/static/chunks/node_modules_%40sentry_core_build_esm_1rfjznp._.js:8898
[34250453ms] [LOG] [Fast Refresh] rebuilding @ http://localhost:3000/_next/static/chunks/node_modules_%40sentry_core_build_esm_1rfjznp._.js:8898
[34251554ms] [WARNING] [Fast Refresh] performing full reload

Fast Refresh will perform a full reload when you edit a file that's imported by modules outside of the React rendering tree.
You might have a file which exports a React component but also exports a value that is imported by a non-React component file.
Consider migrating the non-React component export to a separate file and importing it into both files.

It is also possible the parent component of the component you edited is a class component, which disables Fast Refresh.
Fast Refresh requires at least one parent function component in your React tree. @ http://localhost:3000/_next/static/chunks/node_modules_%40sentry_core_build_esm_1rfjznp._.js:8898
[34252167ms] [LOG] [Fast Refresh] done in 1199ms @ http://localhost:3000/_next/static/chunks/node_modules_%40sentry_core_build_esm_1rfjznp._.js:8898
[34258814ms] [INFO] %cDownload the React DevTools for a better development experience: https://react.dev/link/react-devtools font-weight:bold @ http://localhost:3000/_next/static/chunks/node_modules_%40sentry_core_build_esm_1rfjznp._.js:8898
[34258860ms] [LOG] [HMR] connected @ http://localhost:3000/_next/static/chunks/node_modules_%40sentry_core_build_esm_1rfjznp._.js:8898
[34258876ms] [ERROR] Failed to load resource: the server responded with a status of 403 () @ https://v1.api.service.cmp.usercentrics.eu/latest/ruleSetData?id=9suQr3rGddL3Tb:0
[34258876ms] [ERROR] CMP initialization failed: Error: No ruleset data
    at u.<anonymous> (https://web.cmp.usercentrics.eu/ui/v/3.121.2/WebSdk.lib.44b003b5.js:923:74)
    at Object.<anonymous> (https://web.cmp.usercentrics.eu/ui/loader.js:169:19)
    at r (https://web.cmp.usercentrics.eu/ui/loader.js:70:21)
    at c (https://web.cmp.usercentrics.eu/ui/loader.js:85:13) @ http://localhost:3000/_next/static/chunks/node_modules_%40sentry_core_build_esm_1rfjznp._.js:8898
[34719874ms] [LOG] [Fast Refresh] rebuilding @ http://localhost:3000/_next/static/chunks/node_modules_%40sentry_core_build_esm_1rfjznp._.js:8898
[34722087ms] [ERROR] ./src/components/cookie-consent/UsercentricsScript.tsx:1:1
Export USERCENTRICS_RULESET_ID doesn't exist in target module
> 1 | import { USERCENTRICS_RULESET_ID } from './usercentricsConfig'
    | ^^^^^^^^^^^^^^^^^^^^^^^^^^^^^^^^^^^^^^^^^^^^^^^^^^^^^^^^^^^^^^
  2 |
  3 | export const GOOGLE_CONSENT_DEFAULT_SCRIPT = `
  4 |   window.dataLayer = window.dataLayer || [];

The export USERCENTRICS_RULESET_ID was not found in module [project]/src/components/cookie-consent/usercentricsConfig.ts [app-rsc] (ecmascript).
Did you mean to import USERCENTRICS_SETTINGS_ID?
All exports of the module are statically known (It doesn't have dynamic exports). So it's known statically that the requested export doesn't exist.

Import trace:
  Server Component:
    ./src/components/cookie-consent/UsercentricsScript.tsx
    ./src/app/layout.tsx @ http://localhost:3000/_next/static/chunks/node_modules_%40sentry_core_build_esm_1rfjznp._.js:8898
[34722327ms] [ERROR] ./src/components/cookie-consent/UsercentricsScript.tsx:1:1
Export USERCENTRICS_RULESET_ID doesn't exist in target module
> 1 | import { USERCENTRICS_RULESET_ID } from './usercentricsConfig'
    | ^^^^^^^^^^^^^^^^^^^^^^^^^^^^^^^^^^^^^^^^^^^^^^^^^^^^^^^^^^^^^^
  2 |
  3 | export const GOOGLE_CONSENT_DEFAULT_SCRIPT = `
  4 |   window.dataLayer = window.dataLayer || [];

The export USERCENTRICS_RULESET_ID was not found in module [project]/src/components/cookie-consent/usercentricsConfig.ts [app-rsc] (ecmascript).
Did you mean to import USERCENTRICS_SETTINGS_ID?
All exports of the module are statically known (It doesn't have dynamic exports). So it's known statically that the requested export doesn't exist.

Import trace:
  Server Component:
    ./src/components/cookie-consent/UsercentricsScript.tsx
    ./src/app/layout.tsx @ http://localhost:3000/_next/static/chunks/node_modules_%40sentry_core_build_esm_1rfjznp._.js:8898
[34722392ms] [LOG] [Fast Refresh] rebuilding @ http://localhost:3000/_next/static/chunks/node_modules_%40sentry_core_build_esm_1rfjznp._.js:8898
[34729037ms] [ERROR] ./src/components/cookie-consent/UsercentricsScript.tsx:1:1
Export USERCENTRICS_RULESET_ID doesn't exist in target module
> 1 | import { USERCENTRICS_RULESET_ID } from './usercentricsConfig'
    | ^^^^^^^^^^^^^^^^^^^^^^^^^^^^^^^^^^^^^^^^^^^^^^^^^^^^^^^^^^^^^^
  2 |
  3 | export const GOOGLE_CONSENT_DEFAULT_SCRIPT = `
  4 |   window.dataLayer = window.dataLayer || [];

The export USERCENTRICS_RULESET_ID was not found in module [project]/src/components/cookie-consent/usercentricsConfig.ts [app-rsc] (ecmascript).
Did you mean to import USERCENTRICS_SETTINGS_ID?
All exports of the module are statically known (It doesn't have dynamic exports). So it's known statically that the requested export doesn't exist.

Import trace:
  Server Component:
    ./src/components/cookie-consent/UsercentricsScript.tsx
    ./src/app/layout.tsx @ http://localhost:3000/_next/static/chunks/node_modules_%40sentry_core_build_esm_1rfjznp._.js:8898
[34729092ms] [LOG] [Fast Refresh] rebuilding @ http://localhost:3000/_next/static/chunks/node_modules_%40sentry_core_build_esm_1rfjznp._.js:8898
[34735755ms] [LOG] [Fast Refresh] rebuilding @ http://localhost:3000/_next/static/chunks/node_modules_%40sentry_core_build_esm_1rfjznp._.js:8898
[34736714ms] [LOG] [Fast Refresh] done in 543ms @ http://localhost:3000/_next/static/chunks/node_modules_%40sentry_core_build_esm_1rfjznp._.js:8898
[34738977ms] [ERROR] Encountered a script tag while rendering React component. Scripts inside React components are never executed when rendering on the client. Consider using template tag instead (https://developer.mozilla.org/en-US/docs/Web/HTML/Element/template). @ http://localhost:3000/_next/static/chunks/node_modules_%40sentry_core_build_esm_1rfjznp._.js:8898
[34739091ms] [LOG] [Fast Refresh] rebuilding @ http://localhost:3000/_next/static/chunks/node_modules_%40sentry_core_build_esm_1rfjznp._.js:8898
[34739537ms] [LOG] [Fast Refresh] done in 546ms @ http://localhost:3000/_next/static/chunks/node_modules_%40sentry_core_build_esm_1rfjznp._.js:8898
[34751192ms] [LOG] [Fast Refresh] rebuilding @ http://localhost:3000/_next/static/chunks/node_modules_%40sentry_core_build_esm_1rfjznp._.js:8898
[34751380ms] [LOG] [Fast Refresh] done in 228ms @ http://localhost:3000/_next/static/chunks/node_modules_%40sentry_core_build_esm_1rfjznp._.js:8898
[34764415ms] [ERROR] WebSocket connection to 'ws://localhost:3000/_next/webpack-hmr?id=Mlu8Bs64lIFO1uEQT8yvx' failed: Error in connection establishment: net::ERR_CONNECTION_REFUSED @ http://localhost:3000/_next/static/chunks/node_modules_next_dist_client_1um1_-a._.js:14662
[34765418ms] [ERROR] WebSocket connection to 'ws://localhost:3000/_next/webpack-hmr?id=Mlu8Bs64lIFO1uEQT8yvx' failed: Error in connection establishment: net::ERR_CONNECTION_REFUSED @ http://localhost:3000/_next/static/chunks/node_modules_next_dist_client_1um1_-a._.js:14662
[34766421ms] [ERROR] WebSocket connection to 'ws://localhost:3000/_next/webpack-hmr?id=Mlu8Bs64lIFO1uEQT8yvx' failed: Error in connection establishment: net::ERR_CONNECTION_REFUSED @ http://localhost:3000/_next/static/chunks/node_modules_next_dist_client_1um1_-a._.js:14662
[34767429ms] [ERROR] WebSocket connection to 'ws://localhost:3000/_next/webpack-hmr?id=Mlu8Bs64lIFO1uEQT8yvx' failed: Error in connection establishment: net::ERR_CONNECTION_REFUSED @ http://localhost:3000/_next/static/chunks/node_modules_next_dist_client_1um1_-a._.js:14662
[34768453ms] [ERROR] WebSocket connection to 'ws://localhost:3000/_next/webpack-hmr?id=Mlu8Bs64lIFO1uEQT8yvx' failed: Error in connection establishment: net::ERR_CONNECTION_REFUSED @ http://localhost:3000/_next/static/chunks/node_modules_next_dist_client_1um1_-a._.js:14662
[34773464ms] [ERROR] WebSocket connection to 'ws://localhost:3000/_next/webpack-hmr?id=Mlu8Bs64lIFO1uEQT8yvx' failed: Error in connection establishment: net::ERR_CONNECTION_REFUSED @ http://localhost:3000/_next/static/chunks/node_modules_next_dist_client_1um1_-a._.js:14662
[34778498ms] [ERROR] WebSocket connection to 'ws://localhost:3000/_next/webpack-hmr?id=Mlu8Bs64lIFO1uEQT8yvx' failed: Error in connection establishment: net::ERR_CONNECTION_REFUSED @ http://localhost:3000/_next/static/chunks/node_modules_next_dist_client_1um1_-a._.js:14662
[34783530ms] [ERROR] WebSocket connection to 'ws://localhost:3000/_next/webpack-hmr?id=Mlu8Bs64lIFO1uEQT8yvx' failed: Error in connection establishment: net::ERR_CONNECTION_REFUSED @ http://localhost:3000/_next/static/chunks/node_modules_next_dist_client_1um1_-a._.js:14662
[34788548ms] [ERROR] WebSocket connection to 'ws://localhost:3000/_next/webpack-hmr?id=Mlu8Bs64lIFO1uEQT8yvx' failed: Error in connection establishment: net::ERR_CONNECTION_REFUSED @ http://localhost:3000/_next/static/chunks/node_modules_next_dist_client_1um1_-a._.js:14662
[34793620ms] [ERROR] WebSocket connection to 'ws://localhost:3000/_next/webpack-hmr?id=Mlu8Bs64lIFO1uEQT8yvx' failed: Error in connection establishment: net::ERR_CONNECTION_REFUSED @ http://localhost:3000/_next/static/chunks/node_modules_next_dist_client_1um1_-a._.js:14662
[34798763ms] [ERROR] WebSocket connection to 'ws://localhost:3000/_next/webpack-hmr?id=Mlu8Bs64lIFO1uEQT8yvx' failed: Error in connection establishment: net::ERR_CONNECTION_REFUSED @ http://localhost:3000/_next/static/chunks/node_modules_next_dist_client_1um1_-a._.js:14662
[34804070ms] [ERROR] WebSocket connection to 'ws://localhost:3000/_next/webpack-hmr?id=Mlu8Bs64lIFO1uEQT8yvx' failed: Error in connection establishment: net::ERR_CONNECTION_REFUSED @ http://localhost:3000/_next/static/chunks/node_modules_next_dist_client_1um1_-a._.js:14662
