[    5185ms] [INFO] %cDownload the React DevTools for a better development experience: https://react.dev/link/react-devtools font-weight:bold @ http://localhost:3000/_next/static/chunks/node_modules_next_dist_0ifwd0~._.js:2925
[    5226ms] [LOG] [HMR] connected @ http://localhost:3000/_next/static/chunks/node_modules_next_dist_0ifwd0~._.js:2925
[    5421ms] [INFO] [web-vitals] {type: web-vital, id: v4-1780068332932-8831961632319, name: FCP, value: 5332, delta: 5332} @ http://localhost:3000/_next/static/chunks/node_modules_next_dist_0ifwd0~._.js:2925
[    5479ms] [LOG] [Fast Refresh] rebuilding @ http://localhost:3000/_next/static/chunks/node_modules_next_dist_0ifwd0~._.js:2925
[    6202ms] [LOG] %c[Vercel Speed Insights]%c Debug mode is enabled by default in development. No requests will be sent to the server. color: rgb(120, 120, 120) color: inherit @ http://localhost:3000/_next/static/chunks/node_modules_next_dist_0ifwd0~._.js:2925
[    6865ms] [LOG] [Fast Refresh] done in 1487ms @ http://localhost:3000/_next/static/chunks/node_modules_next_dist_0ifwd0~._.js:2925
[    7712ms] [INFO] [web-vitals] {type: web-vital, id: v4-1780068332932-4897348319109, name: TTFB, value: 3457.5, delta: 3457.5} @ http://localhost:3000/_next/static/chunks/node_modules_next_dist_0ifwd0~._.js:2925
[    8434ms] [LOG] [Fast Refresh] rebuilding @ http://localhost:3000/_next/static/chunks/node_modules_next_dist_0ifwd0~._.js:2925
[    8654ms] [LOG] [Fast Refresh] done in 322ms @ http://localhost:3000/_next/static/chunks/node_modules_next_dist_0ifwd0~._.js:2925
[   17525ms] [LOG] [Fast Refresh] rebuilding @ http://localhost:3000/_next/static/chunks/node_modules_next_dist_0ifwd0~._.js:2925
[   17553ms] [LOG] [Fast Refresh] done in 129ms @ http://localhost:3000/_next/static/chunks/node_modules_next_dist_0ifwd0~._.js:2925
[   18518ms] [LOG] [Fast Refresh] rebuilding @ http://localhost:3000/_next/static/chunks/node_modules_next_dist_0ifwd0~._.js:2925
[   18603ms] [LOG] [Fast Refresh] done in 186ms @ http://localhost:3000/_next/static/chunks/node_modules_next_dist_0ifwd0~._.js:2925
[   26621ms] [LOG] [Fast Refresh] rebuilding @ http://localhost:3000/_next/static/chunks/node_modules_next_dist_0ifwd0~._.js:2925
[   26726ms] [LOG] [Fast Refresh] done in 206ms @ http://localhost:3000/_next/static/chunks/node_modules_next_dist_0ifwd0~._.js:2925
[   27081ms] [LOG] [Fast Refresh] rebuilding @ http://localhost:3000/_next/static/chunks/node_modules_next_dist_0ifwd0~._.js:2925
[   27293ms] [LOG] [Fast Refresh] done in 314ms @ http://localhost:3000/_next/static/chunks/node_modules_next_dist_0ifwd0~._.js:2925
[   27463ms] [LOG] [Fast Refresh] rebuilding @ http://localhost:3000/_next/static/chunks/node_modules_next_dist_0ifwd0~._.js:2925
[   27714ms] [LOG] [Fast Refresh] done in 352ms @ http://localhost:3000/_next/static/chunks/node_modules_next_dist_0ifwd0~._.js:2925
[  129166ms] [LOG] [Fast Refresh] rebuilding @ http://localhost:3000/_next/static/chunks/node_modules_next_dist_0ifwd0~._.js:2925
[  130183ms] [LOG] [Fast Refresh] done in 1073ms @ http://localhost:3000/_next/static/chunks/node_modules_next_dist_0ifwd0~._.js:2925
[  131470ms] [LOG] [Fast Refresh] rebuilding @ http://localhost:3000/_next/static/chunks/node_modules_next_dist_0ifwd0~._.js:2925
[  131477ms] [LOG] [Fast Refresh] done in 109ms @ http://localhost:3000/_next/static/chunks/node_modules_next_dist_0ifwd0~._.js:2925
[  133950ms] [LOG] [Fast Refresh] rebuilding @ http://localhost:3000/_next/static/chunks/node_modules_next_dist_0ifwd0~._.js:2925
[  134030ms] [LOG] [Fast Refresh] done in 181ms @ http://localhost:3000/_next/static/chunks/node_modules_next_dist_0ifwd0~._.js:2925
[  134356ms] [LOG] [Fast Refresh] rebuilding @ http://localhost:3000/_next/static/chunks/node_modules_next_dist_0ifwd0~._.js:2925
[  134723ms] [LOG] [Fast Refresh] done in 469ms @ http://localhost:3000/_next/static/chunks/node_modules_next_dist_0ifwd0~._.js:2925
[  142568ms] [LOG] [Fast Refresh] rebuilding @ http://localhost:3000/_next/static/chunks/node_modules_next_dist_0ifwd0~._.js:2925
[  142642ms] [LOG] [Fast Refresh] done in 176ms @ http://localhost:3000/_next/static/chunks/node_modules_next_dist_0ifwd0~._.js:2925
[  143180ms] [LOG] [Fast Refresh] rebuilding @ http://localhost:3000/_next/static/chunks/node_modules_next_dist_0ifwd0~._.js:2925
[  144293ms] [LOG] [Fast Refresh] done in 1214ms @ http://localhost:3000/_next/static/chunks/node_modules_next_dist_0ifwd0~._.js:2925
[  149656ms] [LOG] [Fast Refresh] rebuilding @ http://localhost:3000/_next/static/chunks/node_modules_next_dist_0ifwd0~._.js:2925
[  155613ms] [LOG] [Fast Refresh] done in 5726ms @ http://localhost:3000/_next/static/chunks/node_modules_next_dist_0ifwd0~._.js:2925
[  158456ms] [LOG] [Fast Refresh] rebuilding @ http://localhost:3000/_next/static/chunks/node_modules_next_dist_0ifwd0~._.js:2925
[  160370ms] [LOG] [Fast Refresh] done in 2015ms @ http://localhost:3000/_next/static/chunks/node_modules_next_dist_0ifwd0~._.js:2925
[  167738ms] [LOG] [Fast Refresh] rebuilding @ http://localhost:3000/_next/static/chunks/node_modules_next_dist_0ifwd0~._.js:2925
[  167769ms] [LOG] [Fast Refresh] done in 131ms @ http://localhost:3000/_next/static/chunks/node_modules_next_dist_0ifwd0~._.js:2925
[  169099ms] [LOG] [Fast Refresh] rebuilding @ http://localhost:3000/_next/static/chunks/node_modules_next_dist_0ifwd0~._.js:2925
[  170494ms] [LOG] [Fast Refresh] done in 1496ms @ http://localhost:3000/_next/static/chunks/node_modules_next_dist_0ifwd0~._.js:2925
[  176930ms] [LOG] [Fast Refresh] rebuilding @ http://localhost:3000/_next/static/chunks/node_modules_next_dist_0ifwd0~._.js:2925
[  177114ms] [LOG] [Fast Refresh] done in 286ms @ http://localhost:3000/_next/static/chunks/node_modules_next_dist_0ifwd0~._.js:2925
[  177486ms] [LOG] [Fast Refresh] rebuilding @ http://localhost:3000/_next/static/chunks/node_modules_next_dist_0ifwd0~._.js:2925
[  177489ms] [LOG] [Fast Refresh] done in 104ms @ http://localhost:3000/_next/static/chunks/node_modules_next_dist_0ifwd0~._.js:2925
[  284650ms] [LOG] [Fast Refresh] rebuilding @ http://localhost:3000/_next/static/chunks/node_modules_next_dist_0ifwd0~._.js:2925
[  287118ms] [LOG] [Fast Refresh] done in 1508ms @ http://localhost:3000/_next/static/chunks/node_modules_next_dist_0ifwd0~._.js:2925
[  288069ms] [LOG] [Fast Refresh] rebuilding @ http://localhost:3000/_next/static/chunks/node_modules_next_dist_0ifwd0~._.js:2925
[  288467ms] [LOG] [Fast Refresh] done in 499ms @ http://localhost:3000/_next/static/chunks/node_modules_next_dist_0ifwd0~._.js:2925
[  293335ms] [LOG] [Fast Refresh] rebuilding @ http://localhost:3000/_next/static/chunks/node_modules_next_dist_0ifwd0~._.js:2925
[  293759ms] [LOG] [Fast Refresh] done in 525ms @ http://localhost:3000/_next/static/chunks/node_modules_next_dist_0ifwd0~._.js:2925
[  360751ms] [LOG] [Fast Refresh] rebuilding @ http://localhost:3000/_next/static/chunks/node_modules_next_dist_0ifwd0~._.js:2925
[  362478ms] [LOG] [Fast Refresh] done in 1824ms @ http://localhost:3000/_next/static/chunks/node_modules_next_dist_0ifwd0~._.js:2925
[  387792ms] [LOG] [Fast Refresh] rebuilding @ http://localhost:3000/_next/static/chunks/node_modules_next_dist_0ifwd0~._.js:2925
[  388692ms] [LOG] [Fast Refresh] done in 1002ms @ http://localhost:3000/_next/static/chunks/node_modules_next_dist_0ifwd0~._.js:2925
[  407448ms] [LOG] [Fast Refresh] rebuilding @ http://localhost:3000/_next/static/chunks/node_modules_next_dist_0ifwd0~._.js:2925
[  408845ms] [LOG] [Fast Refresh] done in 1493ms @ http://localhost:3000/_next/static/chunks/node_modules_next_dist_0ifwd0~._.js:2925
[  415408ms] [LOG] [Fast Refresh] rebuilding @ http://localhost:3000/_next/static/chunks/node_modules_next_dist_0ifwd0~._.js:2925
[  416056ms] [LOG] [Fast Refresh] done in 746ms @ http://localhost:3000/_next/static/chunks/node_modules_next_dist_0ifwd0~._.js:2925
[  447914ms] [LOG] [Fast Refresh] rebuilding @ http://localhost:3000/_next/static/chunks/node_modules_next_dist_0ifwd0~._.js:2925
[  448717ms] [LOG] [Fast Refresh] done in 883ms @ http://localhost:3000/_next/static/chunks/node_modules_next_dist_0ifwd0~._.js:2925
[  497508ms] [LOG] [Fast Refresh] rebuilding @ http://localhost:3000/_next/static/chunks/node_modules_next_dist_0ifwd0~._.js:2925
[  498336ms] [LOG] [Fast Refresh] done in 875ms @ http://localhost:3000/_next/static/chunks/node_modules_next_dist_0ifwd0~._.js:2925
[  516108ms] [LOG] [Fast Refresh] rebuilding @ http://localhost:3000/_next/static/chunks/node_modules_next_dist_0ifwd0~._.js:2925
[  516665ms] [LOG] [Fast Refresh] done in 644ms @ http://localhost:3000/_next/static/chunks/node_modules_next_dist_0ifwd0~._.js:2925
[  519671ms] [LOG] [Fast Refresh] rebuilding @ http://localhost:3000/_next/static/chunks/node_modules_next_dist_0ifwd0~._.js:2925
[  519925ms] [LOG] [Fast Refresh] done in 331ms @ http://localhost:3000/_next/static/chunks/node_modules_next_dist_0ifwd0~._.js:2925
[  543516ms] [LOG] [Fast Refresh] rebuilding @ http://localhost:3000/_next/static/chunks/node_modules_next_dist_0ifwd0~._.js:2925
[  544982ms] [LOG] [Fast Refresh] done in 1512ms @ http://localhost:3000/_next/static/chunks/node_modules_next_dist_0ifwd0~._.js:2925
[  547127ms] [LOG] [Fast Refresh] rebuilding @ http://localhost:3000/_next/static/chunks/node_modules_next_dist_0ifwd0~._.js:2925
[  548114ms] [LOG] [Fast Refresh] done in 1058ms @ http://localhost:3000/_next/static/chunks/node_modules_next_dist_0ifwd0~._.js:2925
[  553597ms] [LOG] [Fast Refresh] rebuilding @ http://localhost:3000/_next/static/chunks/node_modules_next_dist_0ifwd0~._.js:2925
[  554396ms] [LOG] [Fast Refresh] done in 862ms @ http://localhost:3000/_next/static/chunks/node_modules_next_dist_0ifwd0~._.js:2925
[  556870ms] [LOG] [Fast Refresh] rebuilding @ http://localhost:3000/_next/static/chunks/node_modules_next_dist_0ifwd0~._.js:2925
[  557457ms] [LOG] [Fast Refresh] done in 658ms @ http://localhost:3000/_next/static/chunks/node_modules_next_dist_0ifwd0~._.js:2925
[  567556ms] [LOG] [Fast Refresh] rebuilding @ http://localhost:3000/_next/static/chunks/node_modules_next_dist_0ifwd0~._.js:2925
[  567783ms] [LOG] [Fast Refresh] done in 298ms @ http://localhost:3000/_next/static/chunks/node_modules_next_dist_0ifwd0~._.js:2925
[ 1032903ms] [LOG] [Fast Refresh] rebuilding @ http://localhost:3000/_next/static/chunks/node_modules_next_dist_0ifwd0~._.js:2925
[ 1034241ms] [LOG] [Fast Refresh] done in 1432ms @ http://localhost:3000/_next/static/chunks/node_modules_next_dist_0ifwd0~._.js:2925
[ 1097234ms] [LOG] [Fast Refresh] rebuilding @ http://localhost:3000/_next/static/chunks/node_modules_next_dist_0ifwd0~._.js:2925
[ 1097312ms] [LOG] [Fast Refresh] done in 179ms @ http://localhost:3000/_next/static/chunks/node_modules_next_dist_0ifwd0~._.js:2925
[ 1124886ms] [LOG] [Fast Refresh] rebuilding @ http://localhost:3000/_next/static/chunks/node_modules_next_dist_0ifwd0~._.js:2925
[ 1124895ms] [LOG] [Fast Refresh] done in 111ms @ http://localhost:3000/_next/static/chunks/node_modules_next_dist_0ifwd0~._.js:2925
[ 1128070ms] [LOG] [Fast Refresh] rebuilding @ http://localhost:3000/_next/static/chunks/node_modules_next_dist_0ifwd0~._.js:2925
[ 1128100ms] [LOG] [Fast Refresh] done in 131ms @ http://localhost:3000/_next/static/chunks/node_modules_next_dist_0ifwd0~._.js:2925
