[     186ms] [LOG] [Fast Refresh] rebuilding @ http://localhost:3000/_next/static/chunks/node_modules_next_dist_0ifwd0~._.js:2925
[    3611ms] [LOG] [Fast Refresh] done in 3526ms @ http://localhost:3000/_next/static/chunks/node_modules_next_dist_0ifwd0~._.js:2925
[    4987ms] [LOG] %c[Vercel Speed Insights]%c [vitals] color: rgb(120, 120, 120) color: inherit {speed: 4g, metrics: Array(3), scriptVersion: 0.1.3, sdkName: @vercel/speed-insights/next, sdkVersion: 2.0.0} /_vercel/speed-insights/vitals @ http://localhost:3000/_next/static/chunks/node_modules_next_dist_0ifwd0~._.js:2925
[    4989ms] [INFO] [web-vitals] {type: web-vital, id: v4-1780222594644-5542029181553, name: LCP, value: 1984, delta: 1984} @ http://localhost:3000/_next/static/chunks/node_modules_next_dist_0ifwd0~._.js:2925
[    4989ms] [INFO] [web-vitals] {type: web-vital, id: v4-1780222595401-4425815311217, name: CLS, value: 0.04931423611111111, delta: 0.04931423611111111} @ http://localhost:3000/_next/static/chunks/node_modules_next_dist_0ifwd0~._.js:2925
[    4989ms] [LOG] %c[Vercel Speed Insights]%c [vitals] color: rgb(120, 120, 120) color: inherit {speed: 4g, metrics: Array(1), scriptVersion: 0.1.3, sdkName: @vercel/speed-insights/next, sdkVersion: 2.0.0} /_vercel/speed-insights/vitals @ http://localhost:3000/_next/static/chunks/node_modules_next_dist_0ifwd0~._.js:2925
[    5072ms] [INFO] %cDownload the React DevTools for a better development experience: https://react.dev/link/react-devtools font-weight:bold @ http://localhost:3000/_next/static/chunks/node_modules_next_dist_0ifwd0~._.js:2925
[    5090ms] [LOG] [HMR] connected @ http://localhost:3000/_next/static/chunks/node_modules_next_dist_0ifwd0~._.js:2925
[    5147ms] [INFO] [web-vitals] {type: web-vital, id: v4-1780222612121-2219431190095, name: FCP, value: 5100, delta: 5100} @ http://localhost:3000/_next/static/chunks/node_modules_next_dist_0ifwd0~._.js:2925
[    5222ms] [LOG] [Fast Refresh] rebuilding @ http://localhost:3000/_next/static/chunks/node_modules_next_dist_0ifwd0~._.js:2925
[    5264ms] [LOG] [Fast Refresh] done in 152ms @ http://localhost:3000/_next/static/chunks/node_modules_next_dist_0ifwd0~._.js:2925
[    5343ms] [LOG] %c[Vercel Speed Insights]%c Debug mode is enabled by default in development. No requests will be sent to the server. color: rgb(120, 120, 120) color: inherit @ http://localhost:3000/_next/static/chunks/node_modules_next_dist_0ifwd0~._.js:2925
[    5523ms] [INFO] [Tracking (disabled)] Setting up fake instance with config {client: websdk, clientVersion: 1.0.210, environment: production, sessionId: 66875601-62e3-4f31-b409-09d8699a2a39, instanceId: undefined} @ http://localhost:3000/_next/static/chunks/node_modules_next_dist_0ifwd0~._.js:2925
[    5535ms] [INFO] [Tracking (disabled)] Setting up fake instance with config {client: websdk, clientVersion: 1.0.210, environment: production, sessionId: a384002b-be1d-47f9-b361-51739b2bdbac, instanceId: undefined} @ http://localhost:3000/_next/static/chunks/node_modules_next_dist_0ifwd0~._.js:2925
[    5537ms] [INFO] [Tracking (disabled)] Setting up fake instance with config {client: sign-in-with-klarna, clientVersion: v1, environment: production, sessionId: a384002b-be1d-47f9-b361-51739b2bdbac, instanceId: sign-in-with-klarna} @ http://localhost:3000/_next/static/chunks/node_modules_next_dist_0ifwd0~._.js:2925
[    5538ms] [INFO] [Tracking (disabled)] Setting up fake instance with config {client: osm-client-script, clientVersion: 1.0.210, environment: production, sessionId: a384002b-be1d-47f9-b361-51739b2bdbac, instanceId: undefined} @ http://localhost:3000/_next/static/chunks/node_modules_next_dist_0ifwd0~._.js:2925
[    5681ms] [LOG] [Fast Refresh] rebuilding @ http://localhost:3000/_next/static/chunks/node_modules_next_dist_0ifwd0~._.js:2925
[    5710ms] [LOG] [Fast Refresh] done in 131ms @ http://localhost:3000/_next/static/chunks/node_modules_next_dist_0ifwd0~._.js:2925
[    5749ms] [ERROR] Access to fetch at 'https://js.klarna.com/eu/cma/v4/messaging?placement_key=credit-promotion-auto-size&locale=no-NO&channel=web&payment_amount=99900&message_preference=klarna' from origin 'http://localhost:3000' has been blocked by CORS policy: No 'Access-Control-Allow-Origin' header is present on the requested resource. @ http://localhost:3000/produkter/comfyrobe:0
[    5749ms] [ERROR] Failed to load resource: net::ERR_FAILED @ https://js.klarna.com/eu/cma/v4/messaging?placement_key=credit-promotion-auto-size&locale=no-NO&channel=web&payment_amount=99900&message_preference=klarna:0
[    5842ms] [LOG] [Fast Refresh] rebuilding @ http://localhost:3000/_next/static/chunks/node_modules_next_dist_0ifwd0~._.js:2925
[    5843ms] [LOG] [Fast Refresh] done in 102ms @ http://localhost:3000/_next/static/chunks/node_modules_next_dist_0ifwd0~._.js:2925
[    7367ms] [INFO] [web-vitals] {type: web-vital, id: v4-1780222612121-3180527329616, name: TTFB, value: 4934, delta: 4934} @ http://localhost:3000/_next/static/chunks/node_modules_next_dist_0ifwd0~._.js:2925
