[   68715ms] [LOG] [Fast Refresh] rebuilding @ http://localhost:3000/_next/static/chunks/node_modules_%40sentry_core_build_esm_1rfjznp._.js:8898
[   68775ms] [LOG] [Fast Refresh] done in 162ms @ http://localhost:3000/_next/static/chunks/node_modules_%40sentry_core_build_esm_1rfjznp._.js:8898
[ 4700662ms] [LOG] [Fast Refresh] rebuilding @ http://localhost:3000/_next/static/chunks/node_modules_%40sentry_core_build_esm_1rfjznp._.js:8898
[ 4700837ms] [LOG] [Fast Refresh] done in 277ms @ http://localhost:3000/_next/static/chunks/node_modules_%40sentry_core_build_esm_1rfjznp._.js:8898
[ 4817238ms] [LOG] [Fast Refresh] rebuilding @ http://localhost:3000/_next/static/chunks/node_modules_%40sentry_core_build_esm_1rfjznp._.js:8898
[ 4817300ms] [LOG] [Fast Refresh] done in 164ms @ http://localhost:3000/_next/static/chunks/node_modules_%40sentry_core_build_esm_1rfjznp._.js:8898
[ 5029089ms] [LOG] [Fast Refresh] rebuilding @ http://localhost:3000/_next/static/chunks/node_modules_%40sentry_core_build_esm_1rfjznp._.js:8898
[ 5029173ms] [LOG] [Fast Refresh] done in 188ms @ http://localhost:3000/_next/static/chunks/node_modules_%40sentry_core_build_esm_1rfjznp._.js:8898
[ 7009149ms] [ERROR] WebSocket connection to 'ws://localhost:3000/_next/webpack-hmr?id=F78_eLRN7rzH2HvG4pg2V' failed: Error in connection establishment: net::ERR_CONNECTION_REFUSED @ http://localhost:3000/_next/static/chunks/node_modules_next_dist_client_1um1_-a._.js:14662
[ 7010151ms] [ERROR] WebSocket connection to 'ws://localhost:3000/_next/webpack-hmr?id=F78_eLRN7rzH2HvG4pg2V' failed: Error in connection establishment: net::ERR_CONNECTION_REFUSED @ http://localhost:3000/_next/static/chunks/node_modules_next_dist_client_1um1_-a._.js:14662
[ 7011153ms] [ERROR] WebSocket connection to 'ws://localhost:3000/_next/webpack-hmr?id=F78_eLRN7rzH2HvG4pg2V' failed: Error in connection establishment: net::ERR_CONNECTION_REFUSED @ http://localhost:3000/_next/static/chunks/node_modules_next_dist_client_1um1_-a._.js:14662
[ 7012155ms] [ERROR] WebSocket connection to 'ws://localhost:3000/_next/webpack-hmr?id=F78_eLRN7rzH2HvG4pg2V' failed: Error in connection establishment: net::ERR_CONNECTION_REFUSED @ http://localhost:3000/_next/static/chunks/node_modules_next_dist_client_1um1_-a._.js:14662
[ 7013159ms] [ERROR] WebSocket connection to 'ws://localhost:3000/_next/webpack-hmr?id=F78_eLRN7rzH2HvG4pg2V' failed: Error in connection establishment: net::ERR_CONNECTION_REFUSED @ http://localhost:3000/_next/static/chunks/node_modules_next_dist_client_1um1_-a._.js:14662
[ 7018165ms] [ERROR] WebSocket connection to 'ws://localhost:3000/_next/webpack-hmr?id=F78_eLRN7rzH2HvG4pg2V' failed: Error in connection establishment: net::ERR_CONNECTION_REFUSED @ http://localhost:3000/_next/static/chunks/node_modules_next_dist_client_1um1_-a._.js:14662
[ 7023173ms] [ERROR] WebSocket connection to 'ws://localhost:3000/_next/webpack-hmr?id=F78_eLRN7rzH2HvG4pg2V' failed: Error in connection establishment: net::ERR_CONNECTION_REFUSED @ http://localhost:3000/_next/static/chunks/node_modules_next_dist_client_1um1_-a._.js:14662
[ 7028193ms] [ERROR] WebSocket connection to 'ws://localhost:3000/_next/webpack-hmr?id=F78_eLRN7rzH2HvG4pg2V' failed: Error in connection establishment: net::ERR_CONNECTION_REFUSED @ http://localhost:3000/_next/static/chunks/node_modules_next_dist_client_1um1_-a._.js:14662
[ 7033243ms] [ERROR] WebSocket connection to 'ws://localhost:3000/_next/webpack-hmr?id=F78_eLRN7rzH2HvG4pg2V' failed: Error in connection establishment: net::ERR_CONNECTION_REFUSED @ http://localhost:3000/_next/static/chunks/node_modules_next_dist_client_1um1_-a._.js:14662
[ 7038311ms] [ERROR] WebSocket connection to 'ws://localhost:3000/_next/webpack-hmr?id=F78_eLRN7rzH2HvG4pg2V' failed: Error in connection establishment: net::ERR_CONNECTION_REFUSED @ http://localhost:3000/_next/static/chunks/node_modules_next_dist_client_1um1_-a._.js:14662
[ 7043368ms] [ERROR] WebSocket connection to 'ws://localhost:3000/_next/webpack-hmr?id=F78_eLRN7rzH2HvG4pg2V' failed: Error in connection establishment: net::ERR_CONNECTION_REFUSED @ http://localhost:3000/_next/static/chunks/node_modules_next_dist_client_1um1_-a._.js:14662
[ 7048654ms] [ERROR] WebSocket connection to 'ws://localhost:3000/_next/webpack-hmr?id=F78_eLRN7rzH2HvG4pg2V' failed: Error in connection establishment: net::ERR_CONNECTION_REFUSED @ http://localhost:3000/_next/static/chunks/node_modules_next_dist_client_1um1_-a._.js:14662
