[     545ms] [INFO] %cDownload the React DevTools for a better development experience: https://react.dev/link/react-devtools font-weight:bold @ http://localhost:3000/_next/static/chunks/node_modules_%40sentry_core_build_esm_1rfjznp._.js:8898
[     587ms] [LOG] [HMR] connected @ http://localhost:3000/_next/static/chunks/node_modules_%40sentry_core_build_esm_1rfjznp._.js:8898
[     628ms] [INFO] [web-vitals] {type: web-vital, id: v4-1780750603178-6631668049594, name: TTFB, value: 332.70000000298023, delta: 332.70000000298023} @ http://localhost:3000/_next/static/chunks/node_modules_%40sentry_core_build_esm_1rfjznp._.js:8898
[     684ms] [WARNING] Missing NEXT_PUBLIC_KLARNA_CLIENT_ID. Klarna On-site Messaging will not load. @ http://localhost:3000/_next/static/chunks/node_modules_%40sentry_core_build_esm_1rfjznp._.js:8898
[     684ms] [WARNING] Missing NEXT_PUBLIC_KLARNA_CLIENT_ID. Klarna On-site Messaging will not load. @ http://localhost:3000/_next/static/chunks/node_modules_%40sentry_core_build_esm_1rfjznp._.js:8898
[     796ms] [LOG] [Fast Refresh] rebuilding @ http://localhost:3000/_next/static/chunks/node_modules_%40sentry_core_build_esm_1rfjznp._.js:8898
[     800ms] [INFO] [web-vitals] {type: web-vital, id: v4-1780750603178-7919347308353, name: FCP, value: 648, delta: 648} @ http://localhost:3000/_next/static/chunks/node_modules_%40sentry_core_build_esm_1rfjznp._.js:8898
[     806ms] [LOG] %c[Vercel Speed Insights]%c Debug mode is enabled by default in development. No requests will be sent to the server. color: rgb(120, 120, 120) color: inherit @ http://localhost:3000/_next/static/chunks/node_modules_%40sentry_core_build_esm_1rfjznp._.js:8898
[    1000ms] [LOG] [Fast Refresh] done in 385ms @ http://localhost:3000/_next/static/chunks/node_modules_%40sentry_core_build_esm_1rfjznp._.js:8898
[    1048ms] [ERROR] Failed to load resource: the server responded with a status of 404 (Not Found) @ http://localhost:3000/relay-MAhe/array/phc_qxMbsyf6ALZXsBWEhyKKS3Xzw6g5V4EeBE2mJ8vHtK5n/config.js:0
[    1091ms] [ERROR] Failed to load resource: the server responded with a status of 404 (Not Found) @ http://localhost:3000/relay-MAhe/array/phc_qxMbsyf6ALZXsBWEhyKKS3Xzw6g5V4EeBE2mJ8vHtK5n/config?ip=0&_=1780750603603&ver=1.379.0:0
[    1209ms] [ERROR] Failed to load resource: the server responded with a status of 404 (Not Found) @ http://localhost:3000/relay-MAhe/flags?v=2&ip=0&_=1780750603713&ver=1.379.0&compression=base64:0
[    3891ms] [ERROR] Failed to load resource: the server responded with a status of 404 (Not Found) @ http://localhost:3000/relay-MAhe/e?ip=0&_=1780750606316&ver=1.379.0:0
[    9368ms] [LOG] [Fast Refresh] rebuilding @ http://localhost:3000/_next/static/chunks/node_modules_%40sentry_core_build_esm_1rfjznp._.js:8898
[   10006ms] [LOG] [Fast Refresh] done in 719ms @ http://localhost:3000/_next/static/chunks/node_modules_%40sentry_core_build_esm_1rfjznp._.js:8898
[   11170ms] [WARNING] Missing NEXT_PUBLIC_KLARNA_CLIENT_ID. Klarna On-site Messaging will not load. @ http://localhost:3000/_next/static/chunks/node_modules_%40sentry_core_build_esm_1rfjznp._.js:8898
[   11171ms] [WARNING] Missing NEXT_PUBLIC_KLARNA_CLIENT_ID. Klarna On-site Messaging will not load. @ http://localhost:3000/_next/static/chunks/node_modules_%40sentry_core_build_esm_1rfjznp._.js:8898
[   14270ms] [ERROR] Failed to load resource: the server responded with a status of 404 (Not Found) @ http://localhost:3000/relay-MAhe/e?ip=0&_=1780750616745&ver=1.379.0:0
[   19206ms] [LOG] [Fast Refresh] rebuilding @ http://localhost:3000/_next/static/chunks/node_modules_%40sentry_core_build_esm_1rfjznp._.js:8898
[   19290ms] [LOG] [Fast Refresh] done in 144ms @ http://localhost:3000/_next/static/chunks/node_modules_%40sentry_core_build_esm_1rfjznp._.js:8898
[   20271ms] [WARNING] Missing NEXT_PUBLIC_KLARNA_CLIENT_ID. Klarna On-site Messaging will not load. @ http://localhost:3000/_next/static/chunks/node_modules_%40sentry_core_build_esm_1rfjznp._.js:8898
[   20271ms] [WARNING] Missing NEXT_PUBLIC_KLARNA_CLIENT_ID. Klarna On-site Messaging will not load. @ http://localhost:3000/_next/static/chunks/node_modules_%40sentry_core_build_esm_1rfjznp._.js:8898
[   22684ms] [LOG] [Fast Refresh] rebuilding @ http://localhost:3000/_next/static/chunks/node_modules_%40sentry_core_build_esm_1rfjznp._.js:8898
[   22811ms] [LOG] [Fast Refresh] done in 98ms @ http://localhost:3000/_next/static/chunks/node_modules_%40sentry_core_build_esm_1rfjznp._.js:8898
[   23430ms] [ERROR] Failed to load resource: the server responded with a status of 404 (Not Found) @ http://localhost:3000/relay-MAhe/e?ip=0&_=1780750625853&ver=1.379.0:0
[   23682ms] [WARNING] Missing NEXT_PUBLIC_KLARNA_CLIENT_ID. Klarna On-site Messaging will not load. @ http://localhost:3000/_next/static/chunks/node_modules_%40sentry_core_build_esm_1rfjznp._.js:8898
[   23682ms] [WARNING] Missing NEXT_PUBLIC_KLARNA_CLIENT_ID. Klarna On-site Messaging will not load. @ http://localhost:3000/_next/static/chunks/node_modules_%40sentry_core_build_esm_1rfjznp._.js:8898
[   26892ms] [ERROR] Failed to load resource: the server responded with a status of 404 (Not Found) @ http://localhost:3000/relay-MAhe/e?ip=0&_=1780750629255&ver=1.379.0:0
[   42182ms] [LOG] [Fast Refresh] rebuilding @ http://localhost:3000/_next/static/chunks/node_modules_%40sentry_core_build_esm_1rfjznp._.js:8898
[   42583ms] [LOG] [Fast Refresh] done in 407ms @ http://localhost:3000/_next/static/chunks/node_modules_%40sentry_core_build_esm_1rfjznp._.js:8898
[   46636ms] [LOG] %c[Vercel Speed Insights]%c [vitals] color: rgb(120, 120, 120) color: inherit {speed: 4g, metrics: Array(3), scriptVersion: 0.1.3, sdkName: @vercel/speed-insights/next, sdkVersion: 2.0.0} /_vercel/speed-insights/vitals @ http://localhost:3000/_next/static/chunks/node_modules_%40sentry_core_build_esm_1rfjznp._.js:8898
[   46645ms] [INFO] [web-vitals] {type: web-vital, id: v4-1780750603178-6033761109088, name: LCP, value: 796, delta: 796} @ http://localhost:3000/_next/static/chunks/node_modules_%40sentry_core_build_esm_1rfjznp._.js:8898
[   46647ms] [INFO] [web-vitals] {type: web-vital, id: v4-1780750603355-9946072485818, name: CLS, value: 0.0005194178028346174, delta: 0.0005194178028346174} @ http://localhost:3000/_next/static/chunks/node_modules_%40sentry_core_build_esm_1rfjznp._.js:8898
[   46648ms] [LOG] %c[Vercel Speed Insights]%c [vitals] color: rgb(120, 120, 120) color: inherit {speed: 4g, metrics: Array(1), scriptVersion: 0.1.3, sdkName: @vercel/speed-insights/next, sdkVersion: 2.0.0} /_vercel/speed-insights/vitals @ http://localhost:3000/_next/static/chunks/node_modules_%40sentry_core_build_esm_1rfjznp._.js:8898
[   47041ms] [INFO] %cDownload the React DevTools for a better development experience: https://react.dev/link/react-devtools font-weight:bold @ http://localhost:3000/_next/static/chunks/node_modules_%40sentry_core_build_esm_1rfjznp._.js:8898
[   47087ms] [LOG] [HMR] connected @ http://localhost:3000/_next/static/chunks/node_modules_%40sentry_core_build_esm_1rfjznp._.js:8898
[   47226ms] [INFO] [web-vitals] {type: web-vital, id: v4-1780750649775-1091701637799, name: FCP, value: 4368, delta: 4368} @ http://localhost:3000/_next/static/chunks/node_modules_%40sentry_core_build_esm_1rfjznp._.js:8898
[   47255ms] [LOG] [Fast Refresh] rebuilding @ http://localhost:3000/_next/static/chunks/node_modules_%40sentry_core_build_esm_1rfjznp._.js:8898
[   47324ms] [LOG] [Fast Refresh] done in 171ms @ http://localhost:3000/_next/static/chunks/node_modules_%40sentry_core_build_esm_1rfjznp._.js:8898
[   47345ms] [WARNING] Missing NEXT_PUBLIC_KLARNA_CLIENT_ID. Klarna On-site Messaging will not load. @ http://localhost:3000/_next/static/chunks/node_modules_%40sentry_core_build_esm_1rfjznp._.js:8898
[   47346ms] [WARNING] Missing NEXT_PUBLIC_KLARNA_CLIENT_ID. Klarna On-site Messaging will not load. @ http://localhost:3000/_next/static/chunks/node_modules_%40sentry_core_build_esm_1rfjznp._.js:8898
[   47495ms] [LOG] %c[Vercel Speed Insights]%c Debug mode is enabled by default in development. No requests will be sent to the server. color: rgb(120, 120, 120) color: inherit @ http://localhost:3000/_next/static/chunks/node_modules_%40sentry_core_build_esm_1rfjznp._.js:8898
[   47588ms] [LOG] [Fast Refresh] rebuilding @ http://localhost:3000/_next/static/chunks/node_modules_%40sentry_core_build_esm_1rfjznp._.js:8898
[   47607ms] [LOG] [Fast Refresh] done in 123ms @ http://localhost:3000/_next/static/chunks/node_modules_%40sentry_core_build_esm_1rfjznp._.js:8898
[   48097ms] [ERROR] Failed to load resource: the server responded with a status of 404 (Not Found) @ http://localhost:3000/relay-MAhe/array/phc_qxMbsyf6ALZXsBWEhyKKS3Xzw6g5V4EeBE2mJ8vHtK5n/config.js:0
[   48106ms] [INFO] [web-vitals] {type: web-vital, id: v4-1780750649775-4851129550728, name: TTFB, value: 3836.7999999970198, delta: 3836.7999999970198} @ http://localhost:3000/_next/static/chunks/node_modules_%40sentry_core_build_esm_1rfjznp._.js:8898
[   48257ms] [ERROR] Failed to load resource: the server responded with a status of 404 (Not Found) @ http://localhost:3000/relay-MAhe/array/phc_qxMbsyf6ALZXsBWEhyKKS3Xzw6g5V4EeBE2mJ8vHtK5n/config?ip=0&_=1780750650655&ver=1.379.0:0
[   48471ms] [ERROR] Failed to load resource: the server responded with a status of 404 (Not Found) @ http://localhost:3000/relay-MAhe/flags?v=2&ip=0&_=1780750650911&ver=1.379.0&compression=base64:0
[   50392ms] [ERROR] Failed to load resource: the server responded with a status of 404 (Not Found) @ http://localhost:3000/relay-MAhe/e?ip=0&_=1780750652797&ver=1.379.0:0
[  104013ms] [LOG] [Fast Refresh] rebuilding @ http://localhost:3000/_next/static/chunks/node_modules_%40sentry_core_build_esm_1rfjznp._.js:8898
[  105230ms] [LOG] [Fast Refresh] done in 1311ms @ http://localhost:3000/_next/static/chunks/node_modules_%40sentry_core_build_esm_1rfjznp._.js:8898
[  107099ms] [WARNING] Missing NEXT_PUBLIC_KLARNA_CLIENT_ID. Klarna On-site Messaging will not load. @ http://localhost:3000/_next/static/chunks/node_modules_%40sentry_core_build_esm_1rfjznp._.js:8898
[  107099ms] [WARNING] Missing NEXT_PUBLIC_KLARNA_CLIENT_ID. Klarna On-site Messaging will not load. @ http://localhost:3000/_next/static/chunks/node_modules_%40sentry_core_build_esm_1rfjznp._.js:8898
[  110332ms] [ERROR] Failed to load resource: the server responded with a status of 404 (Not Found) @ http://localhost:3000/relay-MAhe/e?ip=0&_=1780750712693&ver=1.379.0:0
[  129378ms] [LOG] %c[Vercel Speed Insights]%c [vitals] color: rgb(120, 120, 120) color: inherit {speed: 4g, metrics: Array(3), scriptVersion: 0.1.3, sdkName: @vercel/speed-insights/next, sdkVersion: 2.0.0} /_vercel/speed-insights/vitals @ http://localhost:3000/_next/static/chunks/node_modules_%40sentry_core_build_esm_1rfjznp._.js:8898
[  129379ms] [INFO] [web-vitals] {type: web-vital, id: v4-1780750649775-3586019071562, name: LCP, value: 4736, delta: 4736} @ http://localhost:3000/_next/static/chunks/node_modules_%40sentry_core_build_esm_1rfjznp._.js:8898
[  129379ms] [INFO] [web-vitals] {type: web-vital, id: v4-1780750649778-4281809516125, name: CLS, value: 0, delta: 0} @ http://localhost:3000/_next/static/chunks/node_modules_%40sentry_core_build_esm_1rfjznp._.js:8898
[  129379ms] [LOG] %c[Vercel Speed Insights]%c [vitals] color: rgb(120, 120, 120) color: inherit {speed: 4g, metrics: Array(1), scriptVersion: 0.1.3, sdkName: @vercel/speed-insights/next, sdkVersion: 2.0.0} /_vercel/speed-insights/vitals @ http://localhost:3000/_next/static/chunks/node_modules_%40sentry_core_build_esm_1rfjznp._.js:8898
[  129484ms] [INFO] %cDownload the React DevTools for a better development experience: https://react.dev/link/react-devtools font-weight:bold @ http://localhost:3000/_next/static/chunks/node_modules_%40sentry_core_build_esm_1rfjznp._.js:8898
[  129514ms] [LOG] [HMR] connected @ http://localhost:3000/_next/static/chunks/node_modules_%40sentry_core_build_esm_1rfjznp._.js:8898
[  129573ms] [INFO] [web-vitals] {type: web-vital, id: v4-1780750732126-2136019737502, name: TTFB, value: 217, delta: 217} @ http://localhost:3000/_next/static/chunks/node_modules_%40sentry_core_build_esm_1rfjznp._.js:8898
[  129615ms] [WARNING] Missing NEXT_PUBLIC_KLARNA_CLIENT_ID. Klarna On-site Messaging will not load. @ http://localhost:3000/_next/static/chunks/node_modules_%40sentry_core_build_esm_1rfjznp._.js:8898
[  129615ms] [WARNING] Missing NEXT_PUBLIC_KLARNA_CLIENT_ID. Klarna On-site Messaging will not load. @ http://localhost:3000/_next/static/chunks/node_modules_%40sentry_core_build_esm_1rfjznp._.js:8898
[  129693ms] [LOG] %c[Vercel Speed Insights]%c Debug mode is enabled by default in development. No requests will be sent to the server. color: rgb(120, 120, 120) color: inherit @ http://localhost:3000/_next/static/chunks/node_modules_%40sentry_core_build_esm_1rfjznp._.js:8898
[  129721ms] [INFO] [web-vitals] {type: web-vital, id: v4-1780750732126-6255079781133, name: FCP, value: 496, delta: 496} @ http://localhost:3000/_next/static/chunks/node_modules_%40sentry_core_build_esm_1rfjznp._.js:8898
[  129742ms] [ERROR] Failed to load resource: the server responded with a status of 404 (Not Found) @ http://localhost:3000/relay-MAhe/array/phc_qxMbsyf6ALZXsBWEhyKKS3Xzw6g5V4EeBE2mJ8vHtK5n/config.js:0
[  129816ms] [ERROR] Failed to load resource: the server responded with a status of 404 (Not Found) @ http://localhost:3000/relay-MAhe/array/phc_qxMbsyf6ALZXsBWEhyKKS3Xzw6g5V4EeBE2mJ8vHtK5n/config?ip=0&_=1780750732297&ver=1.379.0:0
[  129819ms] [INFO] [web-vitals] {type: web-vital, id: v4-1780750732126-5163908746499, name: LCP, value: 564, delta: 564} @ http://localhost:3000/_next/static/chunks/node_modules_%40sentry_core_build_esm_1rfjznp._.js:8898
[  129846ms] [INFO] [web-vitals] {type: web-vital, id: v4-1780750732126-6525680692895, name: FID, value: 1.3000000044703484, delta: 1.3000000044703484} @ http://localhost:3000/_next/static/chunks/node_modules_%40sentry_core_build_esm_1rfjznp._.js:8898
[  129940ms] [ERROR] Failed to load resource: the server responded with a status of 404 (Not Found) @ http://localhost:3000/relay-MAhe/flags?v=2&ip=0&_=1780750732404&ver=1.379.0&compression=base64:0
[  132671ms] [ERROR] Failed to load resource: the server responded with a status of 404 (Not Found) @ http://localhost:3000/relay-MAhe/e?ip=0&_=1780750735137&ver=1.379.0:0
[  234461ms] [LOG] [Fast Refresh] rebuilding @ http://localhost:3000/_next/static/chunks/node_modules_%40sentry_core_build_esm_1rfjznp._.js:8898
[  234552ms] [LOG] [Fast Refresh] done in 81ms @ http://localhost:3000/_next/static/chunks/node_modules_%40sentry_core_build_esm_1rfjznp._.js:8898
[  234876ms] [LOG] [Fast Refresh] rebuilding @ http://localhost:3000/_next/static/chunks/node_modules_%40sentry_core_build_esm_1rfjznp._.js:8898
[  235172ms] [LOG] [Fast Refresh] done in 397ms @ http://localhost:3000/_next/static/chunks/node_modules_%40sentry_core_build_esm_1rfjznp._.js:8898
[  235574ms] [WARNING] Missing NEXT_PUBLIC_KLARNA_CLIENT_ID. Klarna On-site Messaging will not load. @ http://localhost:3000/_next/static/chunks/node_modules_%40sentry_core_build_esm_1rfjznp._.js:8898
[  235574ms] [WARNING] Missing NEXT_PUBLIC_KLARNA_CLIENT_ID. Klarna On-site Messaging will not load. @ http://localhost:3000/_next/static/chunks/node_modules_%40sentry_core_build_esm_1rfjznp._.js:8898
[  238736ms] [ERROR] Failed to load resource: the server responded with a status of 404 (Not Found) @ http://localhost:3000/relay-MAhe/e?ip=0&_=1780750841157&ver=1.379.0:0
[  273811ms] [LOG] [Fast Refresh] rebuilding @ http://localhost:3000/_next/static/chunks/node_modules_%40sentry_core_build_esm_1rfjznp._.js:8898
[  273892ms] [LOG] [Fast Refresh] done in 134ms @ http://localhost:3000/_next/static/chunks/node_modules_%40sentry_core_build_esm_1rfjznp._.js:8898
[  274205ms] [LOG] [Fast Refresh] rebuilding @ http://localhost:3000/_next/static/chunks/node_modules_%40sentry_core_build_esm_1rfjznp._.js:8898
[  274456ms] [LOG] [Fast Refresh] done in 352ms @ http://localhost:3000/_next/static/chunks/node_modules_%40sentry_core_build_esm_1rfjznp._.js:8898
[  274558ms] [LOG] [Fast Refresh] rebuilding @ http://localhost:3000/_next/static/chunks/node_modules_%40sentry_core_build_esm_1rfjznp._.js:8898
[  274560ms] [LOG] [Fast Refresh] done in 103ms @ http://localhost:3000/_next/static/chunks/node_modules_%40sentry_core_build_esm_1rfjznp._.js:8898
[  275152ms] [WARNING] Missing NEXT_PUBLIC_KLARNA_CLIENT_ID. Klarna On-site Messaging will not load. @ http://localhost:3000/_next/static/chunks/node_modules_%40sentry_core_build_esm_1rfjznp._.js:8898
[  275152ms] [WARNING] Missing NEXT_PUBLIC_KLARNA_CLIENT_ID. Klarna On-site Messaging will not load. @ http://localhost:3000/_next/static/chunks/node_modules_%40sentry_core_build_esm_1rfjznp._.js:8898
[  275382ms] [LOG] [Fast Refresh] rebuilding @ http://localhost:3000/_next/static/chunks/node_modules_%40sentry_core_build_esm_1rfjznp._.js:8898
[  275383ms] [LOG] [Fast Refresh] done in 101ms @ http://localhost:3000/_next/static/chunks/node_modules_%40sentry_core_build_esm_1rfjznp._.js:8898
[  278281ms] [ERROR] Failed to load resource: the server responded with a status of 404 (Not Found) @ http://localhost:3000/relay-MAhe/e?ip=0&_=1780750880725&ver=1.379.0:0
[  296845ms] [LOG] [Fast Refresh] rebuilding @ http://localhost:3000/_next/static/chunks/node_modules_%40sentry_core_build_esm_1rfjznp._.js:8898
[  296883ms] [LOG] [Fast Refresh] done in 91ms @ http://localhost:3000/_next/static/chunks/node_modules_%40sentry_core_build_esm_1rfjznp._.js:8898
[  297070ms] [LOG] [Fast Refresh] rebuilding @ http://localhost:3000/_next/static/chunks/node_modules_%40sentry_core_build_esm_1rfjznp._.js:8898
[  297199ms] [LOG] [Fast Refresh] done in 230ms @ http://localhost:3000/_next/static/chunks/node_modules_%40sentry_core_build_esm_1rfjznp._.js:8898
[  297601ms] [WARNING] Missing NEXT_PUBLIC_KLARNA_CLIENT_ID. Klarna On-site Messaging will not load. @ http://localhost:3000/_next/static/chunks/node_modules_%40sentry_core_build_esm_1rfjznp._.js:8898
[  297601ms] [WARNING] Missing NEXT_PUBLIC_KLARNA_CLIENT_ID. Klarna On-site Messaging will not load. @ http://localhost:3000/_next/static/chunks/node_modules_%40sentry_core_build_esm_1rfjznp._.js:8898
[  300795ms] [ERROR] Failed to load resource: the server responded with a status of 404 (Not Found) @ http://localhost:3000/relay-MAhe/e?ip=0&_=1780750903174&ver=1.379.0:0
[  430091ms] [ERROR] Failed to load resource: the server responded with a status of 404 (Not Found) @ http://localhost:3000/relay-MAhe/flags?v=2&ip=0&_=1780751032439&ver=1.379.0&compression=base64:0
[  438344ms] [LOG] [Fast Refresh] rebuilding @ http://localhost:3000/_next/static/chunks/node_modules_%40sentry_core_build_esm_1rfjznp._.js:8898
[  439112ms] [LOG] [Fast Refresh] done in 800ms @ http://localhost:3000/_next/static/chunks/node_modules_%40sentry_core_build_esm_1rfjznp._.js:8898
[  472116ms] [LOG] [Fast Refresh] rebuilding @ http://localhost:3000/_next/static/chunks/node_modules_%40sentry_core_build_esm_1rfjznp._.js:8898
[  472175ms] [LOG] [Fast Refresh] done in 134ms @ http://localhost:3000/_next/static/chunks/node_modules_%40sentry_core_build_esm_1rfjznp._.js:8898
[  492280ms] [LOG] [Fast Refresh] rebuilding @ http://localhost:3000/_next/static/chunks/node_modules_%40sentry_core_build_esm_1rfjznp._.js:8898
[  493114ms] [LOG] [Fast Refresh] done in 918ms @ http://localhost:3000/_next/static/chunks/node_modules_%40sentry_core_build_esm_1rfjznp._.js:8898
[  497176ms] [LOG] [Fast Refresh] rebuilding @ http://localhost:3000/_next/static/chunks/node_modules_%40sentry_core_build_esm_1rfjznp._.js:8898
[  497198ms] [LOG] [Fast Refresh] done in 124ms @ http://localhost:3000/_next/static/chunks/node_modules_%40sentry_core_build_esm_1rfjznp._.js:8898
[  522987ms] [LOG] [Fast Refresh] rebuilding @ http://localhost:3000/_next/static/chunks/node_modules_%40sentry_core_build_esm_1rfjznp._.js:8898
[  523053ms] [LOG] [Fast Refresh] done in 145ms @ http://localhost:3000/_next/static/chunks/node_modules_%40sentry_core_build_esm_1rfjznp._.js:8898
[  556264ms] [LOG] [Fast Refresh] rebuilding @ http://localhost:3000/_next/static/chunks/node_modules_%40sentry_core_build_esm_1rfjznp._.js:8898
[  556422ms] [LOG] [Fast Refresh] done in 243ms @ http://localhost:3000/_next/static/chunks/node_modules_%40sentry_core_build_esm_1rfjznp._.js:8898
[  730026ms] [LOG] [Fast Refresh] rebuilding @ http://localhost:3000/_next/static/chunks/node_modules_%40sentry_core_build_esm_1rfjznp._.js:8898
[  730046ms] [LOG] [Fast Refresh] done in 122ms @ http://localhost:3000/_next/static/chunks/node_modules_%40sentry_core_build_esm_1rfjznp._.js:8898
[  730100ms] [ERROR] Failed to load resource: the server responded with a status of 404 (Not Found) @ http://localhost:3000/relay-MAhe/flags?v=2&ip=0&_=1780751332410&ver=1.379.0&compression=base64:0
[  732779ms] [LOG] [HMR] connected @ http://localhost:3000/_next/static/chunks/node_modules_%40sentry_core_build_esm_1rfjznp._.js:8898
[  827876ms] [LOG] [Fast Refresh] rebuilding @ http://localhost:3000/_next/static/chunks/node_modules_%40sentry_core_build_esm_1rfjznp._.js:8898
[  827886ms] [LOG] [Fast Refresh] done in 114ms @ http://localhost:3000/_next/static/chunks/node_modules_%40sentry_core_build_esm_1rfjznp._.js:8898
[ 1118538ms] [ERROR] Failed to load resource: the server responded with a status of 404 (Not Found) @ http://localhost:3000/relay-MAhe/flags?v=2&ip=0&_=1780751720827&ver=1.379.0&compression=base64:0
[ 1402176ms] [LOG] [Fast Refresh] rebuilding @ http://localhost:3000/_next/static/chunks/node_modules_%40sentry_core_build_esm_1rfjznp._.js:8898
[ 1402189ms] [LOG] [Fast Refresh] done in 119ms @ http://localhost:3000/_next/static/chunks/node_modules_%40sentry_core_build_esm_1rfjznp._.js:8898
[ 1419609ms] [ERROR] Failed to load resource: the server responded with a status of 404 (Not Found) @ http://localhost:3000/relay-MAhe/flags?v=2&ip=0&_=1780752020845&ver=1.379.0&compression=base64:0
[ 1550792ms] [LOG] [Fast Refresh] rebuilding @ http://localhost:3000/_next/static/chunks/node_modules_%40sentry_core_build_esm_1rfjznp._.js:8898
[ 1550854ms] [LOG] [Fast Refresh] done in 165ms @ http://localhost:3000/_next/static/chunks/node_modules_%40sentry_core_build_esm_1rfjznp._.js:8898
[ 1718427ms] [LOG] [Fast Refresh] rebuilding @ http://localhost:3000/_next/static/chunks/node_modules_%40sentry_core_build_esm_1rfjznp._.js:8898
[ 1718531ms] [LOG] [Fast Refresh] done in 207ms @ http://localhost:3000/_next/static/chunks/node_modules_%40sentry_core_build_esm_1rfjznp._.js:8898
[ 1718799ms] [ERROR] Failed to load resource: the server responded with a status of 404 (Not Found) @ http://localhost:3000/relay-MAhe/flags?v=2&ip=0&_=1780752320812&ver=1.379.0&compression=base64:0
[ 1822445ms] [LOG] [Fast Refresh] rebuilding @ http://localhost:3000/_next/static/chunks/node_modules_%40sentry_core_build_esm_1rfjznp._.js:8898
[ 1822475ms] [LOG] [Fast Refresh] done in 136ms @ http://localhost:3000/_next/static/chunks/node_modules_%40sentry_core_build_esm_1rfjznp._.js:8898
[ 1822588ms] [LOG] [Fast Refresh] rebuilding @ http://localhost:3000/_next/static/chunks/node_modules_%40sentry_core_build_esm_1rfjznp._.js:8898
[ 1822631ms] [LOG] [Fast Refresh] done in 145ms @ http://localhost:3000/_next/static/chunks/node_modules_%40sentry_core_build_esm_1rfjznp._.js:8898
[ 1823013ms] [LOG] [Fast Refresh] rebuilding @ http://localhost:3000/_next/static/chunks/node_modules_%40sentry_core_build_esm_1rfjznp._.js:8898
[ 1823189ms] [LOG] [Fast Refresh] done in 278ms @ http://localhost:3000/_next/static/chunks/node_modules_%40sentry_core_build_esm_1rfjznp._.js:8898
[ 1823334ms] [LOG] [Fast Refresh] rebuilding @ http://localhost:3000/_next/static/chunks/node_modules_%40sentry_core_build_esm_1rfjznp._.js:8898
[ 1825107ms] [LOG] [Fast Refresh] done in 1873ms @ http://localhost:3000/_next/static/chunks/node_modules_%40sentry_core_build_esm_1rfjznp._.js:8898
[ 1861631ms] [LOG] [Fast Refresh] rebuilding @ http://localhost:3000/_next/static/chunks/node_modules_%40sentry_core_build_esm_1rfjznp._.js:8898
[ 1868524ms] [LOG] [Fast Refresh] done in 6991ms @ http://localhost:3000/_next/static/chunks/node_modules_%40sentry_core_build_esm_1rfjznp._.js:8898
[ 2018467ms] [ERROR] Failed to load resource: the server responded with a status of 404 (Not Found) @ http://localhost:3000/relay-MAhe/flags?v=2&ip=0&_=1780752620835&ver=1.379.0&compression=base64:0
[ 2238027ms] [LOG] [Fast Refresh] rebuilding @ http://localhost:3000/_next/static/chunks/node_modules_%40sentry_core_build_esm_1rfjznp._.js:8898
[ 2238059ms] [LOG] [Fast Refresh] done in 141ms @ http://localhost:3000/_next/static/chunks/node_modules_%40sentry_core_build_esm_1rfjznp._.js:8898
[ 2318465ms] [LOG] [Fast Refresh] rebuilding @ http://localhost:3000/_next/static/chunks/node_modules_%40sentry_core_build_esm_1rfjznp._.js:8898
[ 2318524ms] [LOG] [Fast Refresh] done in 162ms @ http://localhost:3000/_next/static/chunks/node_modules_%40sentry_core_build_esm_1rfjznp._.js:8898
[ 2318546ms] [ERROR] Failed to load resource: the server responded with a status of 404 (Not Found) @ http://localhost:3000/relay-MAhe/flags?v=2&ip=0&_=1780752920829&ver=1.379.0&compression=base64:0
[ 2618484ms] [ERROR] Failed to load resource: the server responded with a status of 404 (Not Found) @ http://localhost:3000/relay-MAhe/flags?v=2&ip=0&_=1780753220826&ver=1.379.0&compression=base64:0
[ 2918490ms] [ERROR] Failed to load resource: the server responded with a status of 404 (Not Found) @ http://localhost:3000/relay-MAhe/flags?v=2&ip=0&_=1780753520818&ver=1.379.0&compression=base64:0
[ 3218456ms] [ERROR] Failed to load resource: the server responded with a status of 404 (Not Found) @ http://localhost:3000/relay-MAhe/flags?v=2&ip=0&_=1780753820815&ver=1.379.0&compression=base64:0
[ 3483759ms] [LOG] [Fast Refresh] rebuilding @ http://localhost:3000/_next/static/chunks/node_modules_%40sentry_core_build_esm_1rfjznp._.js:8898
[ 3483811ms] [LOG] [Fast Refresh] done in 160ms @ http://localhost:3000/_next/static/chunks/node_modules_%40sentry_core_build_esm_1rfjznp._.js:8898
[ 3518710ms] [ERROR] Failed to load resource: the server responded with a status of 404 (Not Found) @ http://localhost:3000/relay-MAhe/flags?v=2&ip=0&_=1780754120826&ver=1.379.0&compression=base64:0
[ 3818583ms] [ERROR] Failed to load resource: the server responded with a status of 404 (Not Found) @ http://localhost:3000/relay-MAhe/flags?v=2&ip=0&_=1780754420818&ver=1.379.0&compression=base64:0
[ 4102280ms] [LOG] [Fast Refresh] rebuilding @ http://localhost:3000/_next/static/chunks/node_modules_%40sentry_core_build_esm_1rfjznp._.js:8898
[ 4103623ms] [LOG] [Fast Refresh] done in 1451ms @ http://localhost:3000/_next/static/chunks/node_modules_%40sentry_core_build_esm_1rfjznp._.js:8898
[ 4118448ms] [ERROR] Failed to load resource: the server responded with a status of 404 (Not Found) @ http://localhost:3000/relay-MAhe/flags?v=2&ip=0&_=1780754720823&ver=1.379.0&compression=base64:0
[ 4418404ms] [ERROR] Failed to load resource: the server responded with a status of 404 (Not Found) @ http://localhost:3000/relay-MAhe/flags?v=2&ip=0&_=1780755020816&ver=1.379.0&compression=base64:0
[ 4718347ms] [ERROR] Failed to load resource: the server responded with a status of 404 (Not Found) @ http://localhost:3000/relay-MAhe/flags?v=2&ip=0&_=1780755320817&ver=1.379.0&compression=base64:0
[ 5018435ms] [ERROR] Failed to load resource: the server responded with a status of 404 (Not Found) @ http://localhost:3000/relay-MAhe/flags?v=2&ip=0&_=1780755620816&ver=1.379.0&compression=base64:0
[ 5318452ms] [ERROR] Failed to load resource: the server responded with a status of 404 (Not Found) @ http://localhost:3000/relay-MAhe/flags?v=2&ip=0&_=1780755920821&ver=1.379.0&compression=base64:0
[ 5618424ms] [ERROR] Failed to load resource: the server responded with a status of 404 (Not Found) @ http://localhost:3000/relay-MAhe/flags?v=2&ip=0&_=1780756220818&ver=1.379.0&compression=base64:0
[ 5918421ms] [ERROR] Failed to load resource: the server responded with a status of 404 (Not Found) @ http://localhost:3000/relay-MAhe/flags?v=2&ip=0&_=1780756520819&ver=1.379.0&compression=base64:0
[ 6218427ms] [ERROR] Failed to load resource: the server responded with a status of 404 (Not Found) @ http://localhost:3000/relay-MAhe/flags?v=2&ip=0&_=1780756820819&ver=1.379.0&compression=base64:0
[ 6518476ms] [ERROR] Failed to load resource: the server responded with a status of 404 (Not Found) @ http://localhost:3000/relay-MAhe/flags?v=2&ip=0&_=1780757120822&ver=1.379.0&compression=base64:0
[ 6819018ms] [ERROR] Failed to load resource: the server responded with a status of 404 (Not Found) @ http://localhost:3000/relay-MAhe/flags?v=2&ip=0&_=1780757420816&ver=1.379.0&compression=base64:0
[ 7118348ms] [ERROR] Failed to load resource: the server responded with a status of 404 (Not Found) @ http://localhost:3000/relay-MAhe/flags?v=2&ip=0&_=1780757720815&ver=1.379.0&compression=base64:0
[ 7418495ms] [ERROR] Failed to load resource: the server responded with a status of 404 (Not Found) @ http://localhost:3000/relay-MAhe/flags?v=2&ip=0&_=1780758020822&ver=1.379.0&compression=base64:0
[ 7680642ms] [LOG] [Fast Refresh] rebuilding @ http://localhost:3000/_next/static/chunks/node_modules_%40sentry_core_build_esm_1rfjznp._.js:8898
[ 7680701ms] [LOG] [Fast Refresh] done in 158ms @ http://localhost:3000/_next/static/chunks/node_modules_%40sentry_core_build_esm_1rfjznp._.js:8898
[ 7718625ms] [LOG] [Fast Refresh] rebuilding @ http://localhost:3000/_next/static/chunks/node_modules_%40sentry_core_build_esm_1rfjznp._.js:8898
[ 7718640ms] [LOG] [Fast Refresh] done in 116ms @ http://localhost:3000/_next/static/chunks/node_modules_%40sentry_core_build_esm_1rfjznp._.js:8898
[ 7718713ms] [ERROR] Failed to load resource: the server responded with a status of 404 (Not Found) @ http://localhost:3000/relay-MAhe/flags?v=2&ip=0&_=1780758320835&ver=1.379.0&compression=base64:0
[ 8002225ms] [LOG] [Fast Refresh] rebuilding @ http://localhost:3000/_next/static/chunks/node_modules_%40sentry_core_build_esm_1rfjznp._.js:8898
[ 8002247ms] [LOG] [Fast Refresh] done in 126ms @ http://localhost:3000/_next/static/chunks/node_modules_%40sentry_core_build_esm_1rfjznp._.js:8898
[ 8018497ms] [ERROR] Failed to load resource: the server responded with a status of 404 (Not Found) @ http://localhost:3000/relay-MAhe/flags?v=2&ip=0&_=1780758620820&ver=1.379.0&compression=base64:0
[ 8077945ms] [LOG] [Fast Refresh] rebuilding @ http://localhost:3000/_next/static/chunks/node_modules_%40sentry_core_build_esm_1rfjznp._.js:8898
[ 8078079ms] [LOG] [Fast Refresh] done in 237ms @ http://localhost:3000/_next/static/chunks/node_modules_%40sentry_core_build_esm_1rfjznp._.js:8898
[ 8318480ms] [ERROR] Failed to load resource: the server responded with a status of 404 (Not Found) @ http://localhost:3000/relay-MAhe/flags?v=2&ip=0&_=1780758920818&ver=1.379.0&compression=base64:0
[ 8602227ms] [LOG] [Fast Refresh] rebuilding @ http://localhost:3000/_next/static/chunks/node_modules_%40sentry_core_build_esm_1rfjznp._.js:8898
[ 8602906ms] [LOG] [Fast Refresh] done in 782ms @ http://localhost:3000/_next/static/chunks/node_modules_%40sentry_core_build_esm_1rfjznp._.js:8898
[ 8618498ms] [ERROR] Failed to load resource: the server responded with a status of 404 (Not Found) @ http://localhost:3000/relay-MAhe/flags?v=2&ip=0&_=1780759220818&ver=1.379.0&compression=base64:0
[ 8918475ms] [LOG] [Fast Refresh] rebuilding @ http://localhost:3000/_next/static/chunks/node_modules_%40sentry_core_build_esm_1rfjznp._.js:8898
[ 8919499ms] [LOG] [Fast Refresh] done in 1125ms @ http://localhost:3000/_next/static/chunks/node_modules_%40sentry_core_build_esm_1rfjznp._.js:8898
[ 8919543ms] [ERROR] Failed to load resource: the server responded with a status of 404 (Not Found) @ http://localhost:3000/relay-MAhe/flags?v=2&ip=0&_=1780759520818&ver=1.379.0&compression=base64:0
[ 9218446ms] [ERROR] Failed to load resource: the server responded with a status of 404 (Not Found) @ http://localhost:3000/relay-MAhe/flags?v=2&ip=0&_=1780759820820&ver=1.379.0&compression=base64:0
[ 9502755ms] [LOG] [Fast Refresh] rebuilding @ http://localhost:3000/_next/static/chunks/node_modules_%40sentry_core_build_esm_1rfjznp._.js:8898
[ 9502803ms] [LOG] [Fast Refresh] done in 155ms @ http://localhost:3000/_next/static/chunks/node_modules_%40sentry_core_build_esm_1rfjznp._.js:8898
[ 9518470ms] [ERROR] Failed to load resource: the server responded with a status of 404 (Not Found) @ http://localhost:3000/relay-MAhe/flags?v=2&ip=0&_=1780760120822&ver=1.379.0&compression=base64:0
[ 9818412ms] [ERROR] Failed to load resource: the server responded with a status of 404 (Not Found) @ http://localhost:3000/relay-MAhe/flags?v=2&ip=0&_=1780760420818&ver=1.379.0&compression=base64:0
[10118377ms] [ERROR] Failed to load resource: the server responded with a status of 404 (Not Found) @ http://localhost:3000/relay-MAhe/flags?v=2&ip=0&_=1780760720826&ver=1.379.0&compression=base64:0
[10418487ms] [ERROR] Failed to load resource: the server responded with a status of 404 (Not Found) @ http://localhost:3000/relay-MAhe/flags?v=2&ip=0&_=1780761020829&ver=1.379.0&compression=base64:0
[10516406ms] [LOG] [HMR] connected @ http://localhost:3000/_next/static/chunks/node_modules_%40sentry_core_build_esm_1rfjznp._.js:8898
[10516544ms] [LOG] [Fast Refresh] rebuilding @ http://localhost:3000/_next/static/chunks/node_modules_%40sentry_core_build_esm_1rfjznp._.js:8898
[10516808ms] [LOG] [Fast Refresh] done in 365ms @ http://localhost:3000/_next/static/chunks/node_modules_%40sentry_core_build_esm_1rfjznp._.js:8898
[10986189ms] [ERROR] Failed to load resource: the server responded with a status of 404 (Not Found) @ http://localhost:3000/relay-MAhe/flags?v=2&ip=0&_=1780761588601&ver=1.379.0&compression=base64:0
[11286156ms] [ERROR] Failed to load resource: the server responded with a status of 404 (Not Found) @ http://localhost:3000/relay-MAhe/flags?v=2&ip=0&_=1780761888572&ver=1.379.0&compression=base64:0
[11586227ms] [ERROR] Failed to load resource: the server responded with a status of 404 (Not Found) @ http://localhost:3000/relay-MAhe/flags?v=2&ip=0&_=1780762188574&ver=1.379.0&compression=base64:0
[11886238ms] [ERROR] Failed to load resource: the server responded with a status of 404 (Not Found) @ http://localhost:3000/relay-MAhe/flags?v=2&ip=0&_=1780762488575&ver=1.379.0&compression=base64:0
[12186182ms] [ERROR] Failed to load resource: the server responded with a status of 404 (Not Found) @ http://localhost:3000/relay-MAhe/flags?v=2&ip=0&_=1780762788575&ver=1.379.0&compression=base64:0
[12486423ms] [ERROR] Failed to load resource: the server responded with a status of 404 (Not Found) @ http://localhost:3000/relay-MAhe/flags?v=2&ip=0&_=1780763088573&ver=1.379.0&compression=base64:0
[12770009ms] [LOG] [Fast Refresh] rebuilding @ http://localhost:3000/_next/static/chunks/node_modules_%40sentry_core_build_esm_1rfjznp._.js:8898
[12770019ms] [LOG] [Fast Refresh] done in 116ms @ http://localhost:3000/_next/static/chunks/node_modules_%40sentry_core_build_esm_1rfjznp._.js:8898
[12786197ms] [ERROR] Failed to load resource: the server responded with a status of 404 (Not Found) @ http://localhost:3000/relay-MAhe/flags?v=2&ip=0&_=1780763388566&ver=1.379.0&compression=base64:0
[13086179ms] [ERROR] Failed to load resource: the server responded with a status of 404 (Not Found) @ http://localhost:3000/relay-MAhe/flags?v=2&ip=0&_=1780763688569&ver=1.379.0&compression=base64:0
