[     173ms] [LOG] %c[Vercel Speed Insights]%c [vitals] color: rgb(120, 120, 120) color: inherit {speed: 4g, metrics: Array(3), scriptVersion: 0.1.3, sdkName: @vercel/speed-insights/next, sdkVersion: 2.0.0} /_vercel/speed-insights/vitals @ http://localhost:3000/_next/static/chunks/node_modules_next_dist_0ifwd0~._.js:2925
[     174ms] [INFO] [web-vitals] {type: web-vital, id: v4-1780015060684-5205876244320, name: LCP, value: 6568, delta: 6568} @ http://localhost:3000/_next/static/chunks/node_modules_next_dist_0ifwd0~._.js:2925
[     174ms] [INFO] [web-vitals] {type: web-vital, id: v4-1780015060687-9742439113737, name: CLS, value: 0, delta: 0} @ http://localhost:3000/_next/static/chunks/node_modules_next_dist_0ifwd0~._.js:2925
[     174ms] [LOG] %c[Vercel Speed Insights]%c [vitals] color: rgb(120, 120, 120) color: inherit {speed: 4g, metrics: Array(1), scriptVersion: 0.1.3, sdkName: @vercel/speed-insights/next, sdkVersion: 2.0.0} /_vercel/speed-insights/vitals @ http://localhost:3000/_next/static/chunks/node_modules_next_dist_0ifwd0~._.js:2925
[     232ms] [INFO] %cDownload the React DevTools for a better development experience: https://react.dev/link/react-devtools font-weight:bold @ http://localhost:3000/_next/static/chunks/node_modules_next_dist_0ifwd0~._.js:2925
[     241ms] [LOG] [HMR] connected @ http://localhost:3000/_next/static/chunks/node_modules_next_dist_0ifwd0~._.js:2925
[     302ms] [INFO] [web-vitals] {type: web-vital, id: v4-1780015078567-6833080773033, name: TTFB, value: 131, delta: 131} @ http://localhost:3000/_next/static/chunks/node_modules_next_dist_0ifwd0~._.js:2925
[     303ms] [INFO] [web-vitals] {type: web-vital, id: v4-1780015078567-1749219506010, name: FCP, value: 260, delta: 260} @ http://localhost:3000/_next/static/chunks/node_modules_next_dist_0ifwd0~._.js:2925
[     438ms] [LOG] %c[Vercel Speed Insights]%c Debug mode is enabled by default in development. No requests will be sent to the server. color: rgb(120, 120, 120) color: inherit @ http://localhost:3000/_next/static/chunks/node_modules_next_dist_0ifwd0~._.js:2925
[     548ms] [LOG] [Fast Refresh] rebuilding @ http://localhost:3000/_next/static/chunks/node_modules_next_dist_0ifwd0~._.js:2925
[     579ms] [LOG] [Fast Refresh] done in 132ms @ http://localhost:3000/_next/static/chunks/node_modules_next_dist_0ifwd0~._.js:2925
[    8070ms] [WARNING] Image with src "https://cdn.shopify.com/s/files/1/0634/2154/6744/files/kvinne-nyter-terrasselivet-med-utekos-techdown.webp?v=1779997124" was detected as the Largest Contentful Paint (LCP). Please add the `loading="eager"` property if this image is above the fold.
Read more: https://nextjs.org/docs/app/api-reference/components/image#loading @ http://localhost:3000/_next/static/chunks/node_modules_next_dist_0ifwd0~._.js:2925
[  324498ms] [LOG] [Fast Refresh] rebuilding @ http://localhost:3000/_next/static/chunks/node_modules_next_dist_0ifwd0~._.js:2925
[  324552ms] [LOG] [Fast Refresh] done in 156ms @ http://localhost:3000/_next/static/chunks/node_modules_next_dist_0ifwd0~._.js:2925
[  327509ms] [LOG] [Fast Refresh] rebuilding @ http://localhost:3000/_next/static/chunks/node_modules_next_dist_0ifwd0~._.js:2925
[  327619ms] [LOG] [Fast Refresh] done in 211ms @ http://localhost:3000/_next/static/chunks/node_modules_next_dist_0ifwd0~._.js:2925
[  328172ms] [LOG] [Fast Refresh] rebuilding @ http://localhost:3000/_next/static/chunks/node_modules_next_dist_0ifwd0~._.js:2925
[  328194ms] [LOG] [Fast Refresh] done in 124ms @ http://localhost:3000/_next/static/chunks/node_modules_next_dist_0ifwd0~._.js:2925
[  328784ms] [LOG] [Fast Refresh] rebuilding @ http://localhost:3000/_next/static/chunks/node_modules_next_dist_0ifwd0~._.js:2925
[  328794ms] [LOG] [Fast Refresh] done in 112ms @ http://localhost:3000/_next/static/chunks/node_modules_next_dist_0ifwd0~._.js:2925
[  398209ms] [LOG] [Fast Refresh] rebuilding @ http://localhost:3000/_next/static/chunks/node_modules_next_dist_0ifwd0~._.js:2925
[  398813ms] [LOG] [Fast Refresh] done in 677ms @ http://localhost:3000/_next/static/chunks/node_modules_next_dist_0ifwd0~._.js:2925
[  482742ms] [LOG] [Fast Refresh] rebuilding @ http://localhost:3000/_next/static/chunks/node_modules_next_dist_0ifwd0~._.js:2925
[  482754ms] [LOG] [Fast Refresh] done in 112ms @ http://localhost:3000/_next/static/chunks/node_modules_next_dist_0ifwd0~._.js:2925
[  605671ms] [LOG] [Fast Refresh] rebuilding @ http://localhost:3000/_next/static/chunks/node_modules_next_dist_0ifwd0~._.js:2925
[  605687ms] [LOG] [Fast Refresh] done in 119ms @ http://localhost:3000/_next/static/chunks/node_modules_next_dist_0ifwd0~._.js:2925
[ 2490492ms] [LOG] [Fast Refresh] rebuilding @ http://localhost:3000/_next/static/chunks/node_modules_next_dist_0ifwd0~._.js:2925
[ 2490525ms] [LOG] [Fast Refresh] done in 135ms @ http://localhost:3000/_next/static/chunks/node_modules_next_dist_0ifwd0~._.js:2925
[ 2526755ms] [LOG] [Fast Refresh] rebuilding @ http://localhost:3000/_next/static/chunks/node_modules_next_dist_0ifwd0~._.js:2925
[ 2528164ms] [LOG] [Fast Refresh] done in 1509ms @ http://localhost:3000/_next/static/chunks/node_modules_next_dist_0ifwd0~._.js:2925
[ 7413838ms] [LOG] [Fast Refresh] rebuilding @ http://localhost:3000/_next/static/chunks/node_modules_next_dist_0ifwd0~._.js:2925
[ 7413912ms] [LOG] [Fast Refresh] done in 176ms @ http://localhost:3000/_next/static/chunks/node_modules_next_dist_0ifwd0~._.js:2925
[ 7881941ms] [LOG] [Fast Refresh] rebuilding @ http://localhost:3000/_next/static/chunks/node_modules_next_dist_0ifwd0~._.js:2925
[ 7882006ms] [LOG] [Fast Refresh] done in 166ms @ http://localhost:3000/_next/static/chunks/node_modules_next_dist_0ifwd0~._.js:2925
[ 8447035ms] [LOG] [Fast Refresh] rebuilding @ http://localhost:3000/_next/static/chunks/node_modules_next_dist_0ifwd0~._.js:2925
[ 8447068ms] [LOG] [Fast Refresh] done in 134ms @ http://localhost:3000/_next/static/chunks/node_modules_next_dist_0ifwd0~._.js:2925
[ 9264496ms] [LOG] [Fast Refresh] rebuilding @ http://localhost:3000/_next/static/chunks/node_modules_next_dist_0ifwd0~._.js:2925
[ 9264515ms] [LOG] [Fast Refresh] done in 121ms @ http://localhost:3000/_next/static/chunks/node_modules_next_dist_0ifwd0~._.js:2925
[ 9826135ms] [LOG] [Fast Refresh] rebuilding @ http://localhost:3000/_next/static/chunks/node_modules_next_dist_0ifwd0~._.js:2925
[ 9827159ms] [LOG] [Fast Refresh] done in 1120ms @ http://localhost:3000/_next/static/chunks/node_modules_next_dist_0ifwd0~._.js:2925
[ 9843964ms] [LOG] [Fast Refresh] rebuilding @ http://localhost:3000/_next/static/chunks/node_modules_next_dist_0ifwd0~._.js:2925
[ 9844362ms] [LOG] [Fast Refresh] done in 487ms @ http://localhost:3000/_next/static/chunks/node_modules_next_dist_0ifwd0~._.js:2925
[ 9861515ms] [LOG] [Fast Refresh] rebuilding @ http://localhost:3000/_next/static/chunks/node_modules_next_dist_0ifwd0~._.js:2925
[ 9862199ms] [LOG] [Fast Refresh] done in 771ms @ http://localhost:3000/_next/static/chunks/node_modules_next_dist_0ifwd0~._.js:2925
[ 9865369ms] [LOG] [Fast Refresh] rebuilding @ http://localhost:3000/_next/static/chunks/node_modules_next_dist_0ifwd0~._.js:2925
[ 9865540ms] [LOG] [Fast Refresh] done in 198ms @ http://localhost:3000/_next/static/chunks/node_modules_next_dist_0ifwd0~._.js:2925
[ 9885738ms] [LOG] [Fast Refresh] rebuilding @ http://localhost:3000/_next/static/chunks/node_modules_next_dist_0ifwd0~._.js:2925
[ 9885928ms] [LOG] [Fast Refresh] done in 194ms @ http://localhost:3000/_next/static/chunks/node_modules_next_dist_0ifwd0~._.js:2925
[ 9889647ms] [LOG] [Fast Refresh] rebuilding @ http://localhost:3000/_next/static/chunks/node_modules_next_dist_0ifwd0~._.js:2925
[ 9889938ms] [LOG] [Fast Refresh] done in 387ms @ http://localhost:3000/_next/static/chunks/node_modules_next_dist_0ifwd0~._.js:2925
[ 9907978ms] [LOG] [Fast Refresh] rebuilding @ http://localhost:3000/_next/static/chunks/node_modules_next_dist_0ifwd0~._.js:2925
[ 9908021ms] [LOG] [Fast Refresh] done in 116ms @ http://localhost:3000/_next/static/chunks/node_modules_next_dist_0ifwd0~._.js:2925
[ 9919262ms] [LOG] [Fast Refresh] rebuilding @ http://localhost:3000/_next/static/chunks/node_modules_next_dist_0ifwd0~._.js:2925
[ 9920482ms] [LOG] [Fast Refresh] done in 1292ms @ http://localhost:3000/_next/static/chunks/node_modules_next_dist_0ifwd0~._.js:2925
[ 9942535ms] [LOG] [Fast Refresh] rebuilding @ http://localhost:3000/_next/static/chunks/node_modules_next_dist_0ifwd0~._.js:2925
[ 9942653ms] [LOG] [Fast Refresh] done in 163ms @ http://localhost:3000/_next/static/chunks/node_modules_next_dist_0ifwd0~._.js:2925
[ 9957587ms] [LOG] [Fast Refresh] rebuilding @ http://localhost:3000/_next/static/chunks/node_modules_next_dist_0ifwd0~._.js:2925
[ 9957633ms] [LOG] [Fast Refresh] done in 119ms @ http://localhost:3000/_next/static/chunks/node_modules_next_dist_0ifwd0~._.js:2925
[10119397ms] [LOG] [Fast Refresh] rebuilding @ http://localhost:3000/_next/static/chunks/node_modules_next_dist_0ifwd0~._.js:2925
[10120418ms] [LOG] [Fast Refresh] done in 1094ms @ http://localhost:3000/_next/static/chunks/node_modules_next_dist_0ifwd0~._.js:2925
[10177585ms] [LOG] [Fast Refresh] rebuilding @ http://localhost:3000/_next/static/chunks/node_modules_next_dist_0ifwd0~._.js:2925
[10177912ms] [LOG] [Fast Refresh] done in 354ms @ http://localhost:3000/_next/static/chunks/node_modules_next_dist_0ifwd0~._.js:2925
[10194190ms] [LOG] [Fast Refresh] rebuilding @ http://localhost:3000/_next/static/chunks/node_modules_next_dist_0ifwd0~._.js:2925
[10196996ms] [ERROR] ./src/app/produkter/[handle]/components/ProductPageView.tsx:302:5
Expected ',', got '{'
  300 |       height: 1288
  301 |     }
> 302 |     {
      |     ^
  303 |       id: 'comfyrobe-demitasse-open-front',
  304 |       url: '/comfyrobe-demitasse-open-front.png',
  305 |       altText: 'Comfyrobe i demitasse vist åpen forfra.',

Parsing ecmascript source code failed

Generated code of loaders [next/dist/build/babel/loader] transform of file content of src/app/produkter/[handle]/components/ProductPageView.tsx:
./src/app/produkter/[handle]/components/ProductPageView.tsx:302:5
  300 |       height: 1288
  301 |     }
> 302 |     {
      |     ^
  303 |       id: 'comfyrobe-demitasse-open-front',
  304 |       url: '/comfyrobe-demitasse-open-front.png',
  305 |       altText: 'Comfyrobe i demitasse vist åpen forfra.',

Import traces:
  Client Component Browser:
    ./src/app/produkter/[handle]/components/ProductPageView.tsx [Client Component Browser]
    ./src/app/produkter/[handle]/components/ProductPageController.tsx [Client Component Browser]
    ./src/app/produkter/[handle]/components/ProductPageController.tsx [Server Component]
    ./src/app/produkter/[handle]/components/AsyncProductContent.tsx [Server Component]
    ./src/app/produkter/[handle]/page.tsx [Server Component]

  Client Component SSR:
    ./src/app/produkter/[handle]/components/ProductPageView.tsx [Client Component SSR]
    ./src/app/produkter/[handle]/components/ProductPageController.tsx [Client Component SSR]
    ./src/app/produkter/[handle]/components/ProductPageController.tsx [Server Component]
    ./src/app/produkter/[handle]/components/AsyncProductContent.tsx [Server Component]
    ./src/app/produkter/[handle]/page.tsx [Server Component] @ http://localhost:3000/_next/static/chunks/node_modules_next_dist_0ifwd0~._.js:3766
[10197437ms] [LOG] [Fast Refresh] rebuilding @ http://localhost:3000/_next/static/chunks/node_modules_next_dist_0ifwd0~._.js:2925
[10197573ms] [ERROR] ./src/app/produkter/[handle]/components/ProductPageView.tsx:302:5
Expected ',', got '{'
  300 |       height: 1288
  301 |     }
> 302 |     {
      |     ^
  303 |       id: 'comfyrobe-demitasse-open-front',
  304 |       url: '/comfyrobe-demitasse-open-front.png',
  305 |       altText: 'Comfyrobe i demitasse vist åpen forfra.',

Parsing ecmascript source code failed

Generated code of loaders [next/dist/build/babel/loader] transform of file content of src/app/produkter/[handle]/components/ProductPageView.tsx:
./src/app/produkter/[handle]/components/ProductPageView.tsx:302:5
  300 |       height: 1288
  301 |     }
> 302 |     {
      |     ^
  303 |       id: 'comfyrobe-demitasse-open-front',
  304 |       url: '/comfyrobe-demitasse-open-front.png',
  305 |       altText: 'Comfyrobe i demitasse vist åpen forfra.',

Import traces:
  Client Component Browser:
    ./src/app/produkter/[handle]/components/ProductPageView.tsx [Client Component Browser]
    ./src/app/produkter/[handle]/components/ProductPageController.tsx [Client Component Browser]
    ./src/app/produkter/[handle]/components/ProductPageController.tsx [Server Component]
    ./src/app/produkter/[handle]/components/AsyncProductContent.tsx [Server Component]
    ./src/app/produkter/[handle]/page.tsx [Server Component]

  Client Component SSR:
    ./src/app/produkter/[handle]/components/ProductPageView.tsx [Client Component SSR]
    ./src/app/produkter/[handle]/components/ProductPageController.tsx [Client Component SSR]
    ./src/app/produkter/[handle]/components/ProductPageController.tsx [Server Component]
    ./src/app/produkter/[handle]/components/AsyncProductContent.tsx [Server Component]
    ./src/app/produkter/[handle]/page.tsx [Server Component] @ http://localhost:3000/_next/static/chunks/node_modules_next_dist_0ifwd0~._.js:3766
[10215211ms] [ERROR] ./src/app/produkter/[handle]/components/ProductPageView.tsx:302:5
Expected ',', got '{'
  300 |       height: 1288
  301 |     }
> 302 |     {
      |     ^
  303 |       id: 'comfyrobe-demitasse-open-front',
  304 |       url: '/comfyrobe-demitasse-open-front.png',
  305 |       altText: 'Comfyrobe i demitasse vist åpen forfra.',

Parsing ecmascript source code failed

Generated code of loaders [next/dist/build/babel/loader] transform of file content of src/app/produkter/[handle]/components/ProductPageView.tsx:
./src/app/produkter/[handle]/components/ProductPageView.tsx:302:5
  300 |       height: 1288
  301 |     }
> 302 |     {
      |     ^
  303 |       id: 'comfyrobe-demitasse-open-front',
  304 |       url: '/comfyrobe-demitasse-open-front.png',
  305 |       altText: 'Comfyrobe i demitasse vist åpen forfra.',

Import traces:
  Client Component Browser:
    ./src/app/produkter/[handle]/components/ProductPageView.tsx [Client Component Browser]
    ./src/app/produkter/[handle]/components/ProductPageController.tsx [Client Component Browser]
    ./src/app/produkter/[handle]/components/ProductPageController.tsx [Server Component]
    ./src/app/produkter/[handle]/components/AsyncProductContent.tsx [Server Component]
    ./src/app/produkter/[handle]/page.tsx [Server Component]

  Client Component SSR:
    ./src/app/produkter/[handle]/components/ProductPageView.tsx [Client Component SSR]
    ./src/app/produkter/[handle]/components/ProductPageController.tsx [Client Component SSR]
    ./src/app/produkter/[handle]/components/ProductPageController.tsx [Server Component]
    ./src/app/produkter/[handle]/components/AsyncProductContent.tsx [Server Component]
    ./src/app/produkter/[handle]/page.tsx [Server Component] @ http://localhost:3000/_next/static/chunks/node_modules_next_dist_0ifwd0~._.js:3766
[10215312ms] [LOG] [Fast Refresh] rebuilding @ http://localhost:3000/_next/static/chunks/node_modules_next_dist_0ifwd0~._.js:2925
[10215762ms] [ERROR] ./src/app/produkter/[handle]/components/ProductPageView.tsx:302:5
Expected ',', got '{'
  300 |       height: 1288
  301 |     }
> 302 |     {
      |     ^
  303 |       id: 'comfyrobe-demitasse-open-front',
  304 |       url: '/comfyrobe-demitasse-open-front.png',
  305 |       altText: 'Comfyrobe i demitasse vist åpen forfra.',

Parsing ecmascript source code failed

Generated code of loaders [next/dist/build/babel/loader] transform of file content of src/app/produkter/[handle]/components/ProductPageView.tsx:
./src/app/produkter/[handle]/components/ProductPageView.tsx:302:5
  300 |       height: 1288
  301 |     }
> 302 |     {
      |     ^
  303 |       id: 'comfyrobe-demitasse-open-front',
  304 |       url: '/comfyrobe-demitasse-open-front.png',
  305 |       altText: 'Comfyrobe i demitasse vist åpen forfra.',

Import traces:
  Client Component Browser:
    ./src/app/produkter/[handle]/components/ProductPageView.tsx [Client Component Browser]
    ./src/app/produkter/[handle]/components/ProductPageController.tsx [Client Component Browser]
    ./src/app/produkter/[handle]/components/ProductPageController.tsx [Server Component]
    ./src/app/produkter/[handle]/components/AsyncProductContent.tsx [Server Component]
    ./src/app/produkter/[handle]/page.tsx [Server Component]

  Client Component SSR:
    ./src/app/produkter/[handle]/components/ProductPageView.tsx [Client Component SSR]
    ./src/app/produkter/[handle]/components/ProductPageController.tsx [Client Component SSR]
    ./src/app/produkter/[handle]/components/ProductPageController.tsx [Server Component]
    ./src/app/produkter/[handle]/components/AsyncProductContent.tsx [Server Component]
    ./src/app/produkter/[handle]/page.tsx [Server Component] @ http://localhost:3000/_next/static/chunks/node_modules_next_dist_0ifwd0~._.js:3766
[10215838ms] [ERROR] ./src/app/produkter/[handle]/components/ProductPageView.tsx:302:5
Expected ',', got '{'
  300 |       height: 1288
  301 |     }
> 302 |     {
      |     ^
  303 |       id: 'comfyrobe-demitasse-open-front',
  304 |       url: '/comfyrobe-demitasse-open-front.png',
  305 |       altText: 'Comfyrobe i demitasse vist åpen forfra.',

Parsing ecmascript source code failed

Generated code of loaders [next/dist/build/babel/loader] transform of file content of src/app/produkter/[handle]/components/ProductPageView.tsx:
./src/app/produkter/[handle]/components/ProductPageView.tsx:302:5
  300 |       height: 1288
  301 |     }
> 302 |     {
      |     ^
  303 |       id: 'comfyrobe-demitasse-open-front',
  304 |       url: '/comfyrobe-demitasse-open-front.png',
  305 |       altText: 'Comfyrobe i demitasse vist åpen forfra.',

Import traces:
  Client Component Browser:
    ./src/app/produkter/[handle]/components/ProductPageView.tsx [Client Component Browser]
    ./src/app/produkter/[handle]/components/ProductPageController.tsx [Client Component Browser]
    ./src/app/produkter/[handle]/components/ProductPageController.tsx [Server Component]
    ./src/app/produkter/[handle]/components/AsyncProductContent.tsx [Server Component]
    ./src/app/produkter/[handle]/page.tsx [Server Component]

  Client Component SSR:
    ./src/app/produkter/[handle]/components/ProductPageView.tsx [Client Component SSR]
    ./src/app/produkter/[handle]/components/ProductPageController.tsx [Client Component SSR]
    ./src/app/produkter/[handle]/components/ProductPageController.tsx [Server Component]
    ./src/app/produkter/[handle]/components/AsyncProductContent.tsx [Server Component]
    ./src/app/produkter/[handle]/page.tsx [Server Component] @ http://localhost:3000/_next/static/chunks/node_modules_next_dist_0ifwd0~._.js:3766
[10215940ms] [LOG] [Fast Refresh] rebuilding @ http://localhost:3000/_next/static/chunks/node_modules_next_dist_0ifwd0~._.js:2925
[10216886ms] [ERROR] ./src/app/produkter/[handle]/components/ProductPageView.tsx:302:5
Expected ',', got '{'
  300 |       height: 1288
  301 |     }
> 302 |     {
      |     ^
  303 |       id: 'comfyrobe-demitasse-open-front',
  304 |       url: '/comfyrobe-demitasse-open-front.png',
  305 |       altText: 'Comfyrobe i demitasse vist åpen forfra.',

Parsing ecmascript source code failed

Generated code of loaders [next/dist/build/babel/loader] transform of file content of src/app/produkter/[handle]/components/ProductPageView.tsx:
./src/app/produkter/[handle]/components/ProductPageView.tsx:302:5
  300 |       height: 1288
  301 |     }
> 302 |     {
      |     ^
  303 |       id: 'comfyrobe-demitasse-open-front',
  304 |       url: '/comfyrobe-demitasse-open-front.png',
  305 |       altText: 'Comfyrobe i demitasse vist åpen forfra.',

Import traces:
  Client Component Browser:
    ./src/app/produkter/[handle]/components/ProductPageView.tsx [Client Component Browser]
    ./src/app/produkter/[handle]/components/ProductPageController.tsx [Client Component Browser]
    ./src/app/produkter/[handle]/components/ProductPageController.tsx [Server Component]
    ./src/app/produkter/[handle]/components/AsyncProductContent.tsx [Server Component]
    ./src/app/produkter/[handle]/page.tsx [Server Component]

  Client Component SSR:
    ./src/app/produkter/[handle]/components/ProductPageView.tsx [Client Component SSR]
    ./src/app/produkter/[handle]/components/ProductPageController.tsx [Client Component SSR]
    ./src/app/produkter/[handle]/components/ProductPageController.tsx [Server Component]
    ./src/app/produkter/[handle]/components/AsyncProductContent.tsx [Server Component]
    ./src/app/produkter/[handle]/page.tsx [Server Component] @ http://localhost:3000/_next/static/chunks/node_modules_next_dist_0ifwd0~._.js:3766
[10236091ms] [LOG] [Fast Refresh] rebuilding @ http://localhost:3000/_next/static/chunks/node_modules_next_dist_0ifwd0~._.js:2925
[10237206ms] [LOG] [Fast Refresh] done in 1153ms @ http://localhost:3000/_next/static/chunks/node_modules_next_dist_0ifwd0~._.js:2925
[10267686ms] [LOG] [Fast Refresh] rebuilding @ http://localhost:3000/_next/static/chunks/node_modules_next_dist_0ifwd0~._.js:2925
[10268431ms] [LOG] [Fast Refresh] done in 821ms @ http://localhost:3000/_next/static/chunks/node_modules_next_dist_0ifwd0~._.js:2925
[10291875ms] [LOG] [Fast Refresh] rebuilding @ http://localhost:3000/_next/static/chunks/node_modules_next_dist_0ifwd0~._.js:2925
[10291983ms] [LOG] [Fast Refresh] done in 209ms @ http://localhost:3000/_next/static/chunks/node_modules_next_dist_0ifwd0~._.js:2925
