[     173ms] [LOG] %c[Vercel Speed Insights]%c [vitals] color: rgb(120, 120, 120) color: inherit {speed: 4g, metrics: Array(3), scriptVersion: 0.1.3, sdkName: @vercel/speed-insights/next, sdkVersion: 2.0.0} /_vercel/speed-insights/vitals @ http://localhost:3000/_next/static/chunks/node_modules_next_dist_0ifwd0~._.js:2925
[     173ms] [INFO] [web-vitals] {type: web-vital, id: v4-1780256006048-7762349657997, name: LCP, value: 19396, delta: 19396} @ http://localhost:3000/_next/static/chunks/node_modules_next_dist_0ifwd0~._.js:2925
[     174ms] [INFO] [web-vitals] {type: web-vital, id: v4-1780256006183-7194077099751, name: CLS, value: 0.05640190972222222, delta: 0.05640190972222222} @ http://localhost:3000/_next/static/chunks/node_modules_next_dist_0ifwd0~._.js:2925
[     174ms] [LOG] %c[Vercel Speed Insights]%c [vitals] color: rgb(120, 120, 120) color: inherit {speed: 4g, metrics: Array(1), scriptVersion: 0.1.3, sdkName: @vercel/speed-insights/next, sdkVersion: 2.0.0} /_vercel/speed-insights/vitals @ http://localhost:3000/_next/static/chunks/node_modules_next_dist_0ifwd0~._.js:2925
[     231ms] [INFO] %cDownload the React DevTools for a better development experience: https://react.dev/link/react-devtools font-weight:bold @ http://localhost:3000/_next/static/chunks/node_modules_next_dist_0ifwd0~._.js:2925
[     249ms] [LOG] [HMR] connected @ http://localhost:3000/_next/static/chunks/node_modules_next_dist_0ifwd0~._.js:2925
[     284ms] [INFO] [web-vitals] {type: web-vital, id: v4-1780256035819-5040574039682, name: TTFB, value: 101.09999990463257, delta: 101.09999990463257} @ http://localhost:3000/_next/static/chunks/node_modules_next_dist_0ifwd0~._.js:2925
[     368ms] [INFO] [web-vitals] {type: web-vital, id: v4-1780256035819-8850226133927, name: FCP, value: 288, delta: 288} @ http://localhost:3000/_next/static/chunks/node_modules_next_dist_0ifwd0~._.js:2925
[     368ms] [LOG] %c[Vercel Speed Insights]%c Debug mode is enabled by default in development. No requests will be sent to the server. color: rgb(120, 120, 120) color: inherit @ http://localhost:3000/_next/static/chunks/node_modules_next_dist_0ifwd0~._.js:2925
[     392ms] [INFO] [Tracking (disabled)] Setting up fake instance with config {client: websdk, clientVersion: 1.0.210, environment: production, sessionId: f188d9ef-ece8-4303-8275-865021520556, instanceId: undefined} @ http://localhost:3000/_next/static/chunks/node_modules_next_dist_0ifwd0~._.js:2925
[     398ms] [INFO] [Tracking (disabled)] Setting up fake instance with config {client: websdk, clientVersion: 1.0.210, environment: production, sessionId: b626b2ea-a7ca-437d-aa84-13bf446562d8, instanceId: undefined} @ http://localhost:3000/_next/static/chunks/node_modules_next_dist_0ifwd0~._.js:2925
[     400ms] [INFO] [Tracking (disabled)] Setting up fake instance with config {client: sign-in-with-klarna, clientVersion: v1, environment: production, sessionId: b626b2ea-a7ca-437d-aa84-13bf446562d8, instanceId: sign-in-with-klarna} @ http://localhost:3000/_next/static/chunks/node_modules_next_dist_0ifwd0~._.js:2925
[     400ms] [INFO] [Tracking (disabled)] Setting up fake instance with config {client: osm-client-script, clientVersion: 1.0.210, environment: production, sessionId: b626b2ea-a7ca-437d-aa84-13bf446562d8, instanceId: undefined} @ http://localhost:3000/_next/static/chunks/node_modules_next_dist_0ifwd0~._.js:2925
[     488ms] [ERROR] Access to fetch at 'https://js.klarna.com/eu/cma/v4/messaging?placement_key=top-strip-promotion-badge&locale=no-NO&channel=web&theme=dark&message_preference=klarna' from origin 'http://localhost:3000' has been blocked by CORS policy: No 'Access-Control-Allow-Origin' header is present on the requested resource. @ http://localhost:3000/inspirasjon/bobil:0
[     488ms] [ERROR] Failed to load resource: net::ERR_FAILED @ https://js.klarna.com/eu/cma/v4/messaging?placement_key=top-strip-promotion-badge&locale=no-NO&channel=web&theme=dark&message_preference=klarna:0
[    7072ms] [LOG] [Fast Refresh] rebuilding @ http://localhost:3000/_next/static/chunks/node_modules_next_dist_0ifwd0~._.js:2925
[    7114ms] [LOG] [Fast Refresh] done in 143ms @ http://localhost:3000/_next/static/chunks/node_modules_next_dist_0ifwd0~._.js:2925
[   11923ms] [LOG] [Fast Refresh] rebuilding @ http://localhost:3000/_next/static/chunks/node_modules_next_dist_0ifwd0~._.js:2925
[   11964ms] [LOG] [Fast Refresh] done in 143ms @ http://localhost:3000/_next/static/chunks/node_modules_next_dist_0ifwd0~._.js:2925
[   12263ms] [LOG] [Fast Refresh] rebuilding @ http://localhost:3000/_next/static/chunks/node_modules_next_dist_0ifwd0~._.js:2925
[   12381ms] [LOG] [Fast Refresh] done in 220ms @ http://localhost:3000/_next/static/chunks/node_modules_next_dist_0ifwd0~._.js:2925
[   12495ms] [LOG] [Fast Refresh] rebuilding @ http://localhost:3000/_next/static/chunks/node_modules_next_dist_0ifwd0~._.js:2925
[   12543ms] [LOG] [Fast Refresh] done in 149ms @ http://localhost:3000/_next/static/chunks/node_modules_next_dist_0ifwd0~._.js:2925
[   19648ms] [LOG] [Fast Refresh] rebuilding @ http://localhost:3000/_next/static/chunks/node_modules_next_dist_0ifwd0~._.js:2925
[   20322ms] [LOG] [Fast Refresh] done in 743ms @ http://localhost:3000/_next/static/chunks/node_modules_next_dist_0ifwd0~._.js:2925
