[  194208ms] [ERROR] Failed to load resource: the server responded with a status of 500 (Internal Server Error) @ http://localhost:3000/skreddersy-varmen?fix-check=1:0
[  194325ms] [INFO] %cDownload the React DevTools for a better development experience: https://react.dev/link/react-devtools font-weight:bold @ http://localhost:3000/_next/static/chunks/node_modules_react-dom_0bruynb._.js:15305
[  194394ms] Error: Cannot find module '../chunks/ssr/[turbopack]_runtime.js'
Require stack:
- /Users/kristofferohnstadhjelmeland/utekos-headless/.next/dev/server/pages/_document.js
- /Users/kristofferohnstadhjelmeland/utekos-headless/node_modules/next/dist/server/require.js
- /Users/kristofferohnstadhjelmeland/utekos-headless/node_modules/next/dist/server/load-components.js
- /Users/kristofferohnstadhjelmeland/utekos-headless/node_modules/next/dist/build/utils.js
- /Users/kristofferohnstadhjelmeland/utekos-headless/node_modules/next/dist/server/lib/router-utils/setup-dev-bundler.js
- /Users/kristofferohnstadhjelmeland/utekos-headless/node_modules/next/dist/server/lib/router-server.js
- /Users/kristofferohnstadhjelmeland/utekos-headless/node_modules/next/dist/server/lib/start-server.js
    at Module.<anonymous> (node:internal/modules/cjs/loader:1476:15)
    at <unknown> (file:///Users/kristofferohnstadhjelmeland/utekos-headless/node_modules/next/dist/server/require-hook.js:68:36)
    at wrapResolveFilename (node:internal/modules/cjs/loader:1049:27)
    at defaultResolveImplForCJSLoading (node:internal/modules/cjs/loader:1073:10)
    at resolveForCJSWithHooks (node:internal/modules/cjs/loader:1094:12)
    at Module._load (node:internal/modules/cjs/loader:1262:25)
    at wrapModuleLoad (node:internal/modules/cjs/loader:255:19)
    at Module.<anonymous> (node:internal/modules/cjs/loader:1576:12)
    at mod.require (file:///Users/kristofferohnstadhjelmeland/utekos-headless/node_modules/next/dist/server/require-hook.js:79:28)
    at require (node:internal/modules/helpers:153:16)
    at Object.<anonymous> (file:///Users/kristofferohnstadhjelmeland/utekos-headless/.next/dev/server/pages/_document.js:1:7)
    at Module._compile (node:internal/modules/cjs/loader:1830:14)
    at Object..js (node:internal/modules/cjs/loader:1961:10)
    at Module.load (node:internal/modules/cjs/loader:1553:32)
    at Module._load (node:internal/modules/cjs/loader:1355:12)
    at wrapModuleLoad (node:internal/modules/cjs/loader:255:19)
    at Module.<anonymous> (node:internal/modules/cjs/loader:1576:12)
    at mod.require (file:///Users/kristofferohnstadhjelmeland/utekos-headless/node_modules/next/dist/server/require-hook.js:79:28)
    at require (node:internal/modules/helpers:153:16)
    at requirePage (file:///Users/kristofferohnstadhjelmeland/utekos-headless/node_modules/next/dist/server/require.js:105:80)
    at loadComponentsImpl (file:///Users/kristofferohnstadhjelmeland/utekos-headless/node_modules/next/dist/server/load-components.js:88:38)
    at DevServer.findPageComponentsImpl (file:///Users/kristofferohnstadhjelmeland/utekos-headless/node_modules/next/dist/server/next-server.js:837:77)
    at <unknown> (file:///Users/kristofferohnstadhjelmeland/utekos-headless/node_modules/next/dist/server/next-server.js:819:21)
    at <unknown> (file:///Users/kristofferohnstadhjelmeland/utekos-headless/node_modules/next/dist/server/lib/trace/tracer.js:195:36)
    at AsyncLocalStorage.run (node:internal/async_local_storage/async_context_frame:63:14)
    at $u.with (file:///Users/kristofferohnstadhjelmeland/utekos-headless/.next/dev/server/chunks/node_modules_0v.1clq._.js:13007:44)
    at ContextAPI.with (file:///Users/kristofferohnstadhjelmeland/utekos-headless/.next/dev/server/chunks/node_modules_0v.1clq._.js:783:54)
    at Ba.startActiveSpan (file:///Users/kristofferohnstadhjelmeland/utekos-headless/.next/dev/server/chunks/node_modules_0v.1clq._.js:6760:35)
    at tracer.startActiveSpan (file:///Users/kristofferohnstadhjelmeland/utekos-headless/node_modules/next/dist/server/lib/router-utils/instrumentation-node-extensions.js:65:48)
    at <unknown> (file:///Users/kristofferohnstadhjelmeland/utekos-headless/node_modules/next/dist/server/lib/trace/tracer.js:164:103)
    at AsyncLocalStorage.run (node:internal/async_local_storage/async_context_frame:63:14)
    at $u.with (file:///Users/kristofferohnstadhjelmeland/utekos-headless/.next/dev/server/chunks/node_modules_0v.1clq._.js:13007:44)
    at ContextAPI.with (file:///Users/kristofferohnstadhjelmeland/utekos-headless/node_modules/@opentelemetry/api/build/src/api/context.js:60:46)
    at NextTracerImpl.trace (file:///Users/kristofferohnstadhjelmeland/utekos-headless/node_modules/next/dist/server/lib/trace/tracer.js:164:28)
    at DevServer.findPageComponents (file:///Users/kristofferohnstadhjelmeland/utekos-headless/node_modules/next/dist/server/next-server.js:814:41)
    at DevServer.findPageComponents (file:///Users/kristofferohnstadhjelmeland/utekos-headless/node_modules/next/dist/server/dev/next-dev-server.js:704:28)
    at async DevServer.renderErrorToResponseImpl (file:///Users/kristofferohnstadhjelmeland/utekos-headless/node_modules/next/dist/server/base-server.js:1745:26)
    at async pipe.req.req (file:///Users/kristofferohnstadhjelmeland/utekos-headless/node_modules/next/dist/server/base-server.js:1652:30)
    at async DevServer.pipeImpl (file:///Users/kristofferohnstadhjelmeland/utekos-headless/node_modules/next/dist/server/base-server.js:1043:25)
    at async NextNodeServer.handleCatchallRenderRequest (file:///Users/kristofferohnstadhjelmeland/utekos-headless/node_modules/next/dist/server/next-server.js:353:21)
    at async DevServer.handleRequestImpl (file:///Users/kristofferohnstadhjelmeland/utekos-headless/node_modules/next/dist/server/base-server.js:934:17)
    at async (file:///Users/kristofferohnstadhjelmeland/utekos-headless/node_modules/next/dist/server/dev/next-dev-server.js:394:20)
    at async Span.traceAsyncFn (file:///Users/kristofferohnstadhjelmeland/utekos-headless/node_modules/next/dist/trace/trace.js:164:20)
    at async DevServer.handleRequest (file:///Users/kristofferohnstadhjelmeland/utekos-headless/node_modules/next/dist/server/dev/next-dev-server.js:390:24)
    at async invokeRender (file:///Users/kristofferohnstadhjelmeland/utekos-headless/node_modules/next/dist/server/lib/router-server.js:266:21)
    at async handleRequest (file:///Users/kristofferohnstadhjelmeland/utekos-headless/node_modules/next/dist/server/lib/router-server.js:465:24)
    at async requestHandlerImpl (file:///Users/kristofferohnstadhjelmeland/utekos-headless/node_modules/next/dist/server/lib/router-server.js:514:13)
    at async Server.requestListener (file:///Users/kristofferohnstadhjelmeland/utekos-headless/node_modules/next/dist/server/lib/start-server.js:225:13)
[  194386ms] [LOG] [HMR] connected @ http://localhost:3000/_next/static/chunks/node_modules_next_dist_0u_w_5s._.js:1226
[  196448ms] [LOG] [Fast Refresh] rebuilding @ http://localhost:3000/_next/static/chunks/node_modules_next_dist_0u_w_5s._.js:1226
[  196482ms] [LOG] [Fast Refresh] done in 134ms @ http://localhost:3000/_next/static/chunks/node_modules_next_dist_0u_w_5s._.js:1226
[  208458ms] [ERROR] WebSocket connection to 'ws://localhost:3000/_next/webpack-hmr' failed: Error in connection establishment: net::ERR_CONNECTION_REFUSED @ http://localhost:3000/_next/static/chunks/node_modules_next_dist_client_0pe1dg-._.js:2342
[  209463ms] [ERROR] WebSocket connection to 'ws://localhost:3000/_next/webpack-hmr' failed: Error in connection establishment: net::ERR_CONNECTION_REFUSED @ http://localhost:3000/_next/static/chunks/node_modules_next_dist_client_0pe1dg-._.js:2342
[  210465ms] [ERROR] WebSocket connection to 'ws://localhost:3000/_next/webpack-hmr' failed: Error in connection establishment: net::ERR_CONNECTION_REFUSED @ http://localhost:3000/_next/static/chunks/node_modules_next_dist_client_0pe1dg-._.js:2342
[  211468ms] [ERROR] WebSocket connection to 'ws://localhost:3000/_next/webpack-hmr' failed: Error in connection establishment: net::ERR_CONNECTION_REFUSED @ http://localhost:3000/_next/static/chunks/node_modules_next_dist_client_0pe1dg-._.js:2342
[  212471ms] [ERROR] WebSocket connection to 'ws://localhost:3000/_next/webpack-hmr' failed: Error in connection establishment: net::ERR_CONNECTION_REFUSED @ http://localhost:3000/_next/static/chunks/node_modules_next_dist_client_0pe1dg-._.js:2342
[  217539ms] [LOG] [HMR] connected @ http://localhost:3000/_next/static/chunks/node_modules_next_dist_0u_w_5s._.js:1226
[  227513ms] [INFO] %cDownload the React DevTools for a better development experience: https://react.dev/link/react-devtools font-weight:bold @ http://localhost:3000/_next/static/chunks/node_modules_next_dist_0ifwd0~._.js:2925
[  227634ms] [LOG] [HMR] connected @ http://localhost:3000/_next/static/chunks/node_modules_next_dist_0ifwd0~._.js:2925
[  228304ms] [LOG] [Fast Refresh] rebuilding @ http://localhost:3000/_next/static/chunks/node_modules_next_dist_0ifwd0~._.js:2925
[  234414ms] [LOG] [Fast Refresh] done in 6211ms @ http://localhost:3000/_next/static/chunks/node_modules_next_dist_0ifwd0~._.js:2925
